<?xml version="1.0" encoding="utf-8"?><testsuites name="pytest tests"><testsuite name="pytest" errors="0" failures="0" skipped="0" tests="6" time="256.899" timestamp="2026-06-24T19:05:01.687643+00:00" hostname="agent-env-b1ebc93b-cd42-4604-ba1f-46d5d4cdead7"><testcase classname="backend.tests.test_delivery_note_prefill.TestDeliveryNotePrefill" name="test_prefill_order_12_returns_200" time="60.516" /><testcase classname="backend.tests.test_delivery_note_prefill.TestDeliveryNotePrefill" name="test_prefill_order_128_returns_200" time="2.678" /><testcase classname="backend.tests.test_delivery_note_prefill.TestDeliveryNotePrefill" name="test_prefill_unauthorized_without_token" time="0.003" /><testcase classname="backend.tests.test_delivery_note_prefill.TestDeliveryNotePrefill" name="test_prefill_item_required_fields" time="103.516" /><testcase classname="backend.tests.test_delivery_note_prefill.TestDeliveryNotePrefill" name="test_prefill_amount_equals_amount_total_bug3" time="46.202" /><testcase classname="backend.tests.test_delivery_note_prefill.TestDeliveryNotePrefill" name="test_prefill_amount_remaining_derivation" time="43.923" /></testsuite></testsuites>