<?xml version="1.0" encoding="utf-8"?><testsuites name="pytest tests"><testsuite name="pytest" errors="0" failures="0" skipped="0" tests="4" time="19.579" timestamp="2026-07-10T06:30:49.270384+00:00" hostname="agent-env-b1ebc93b-cd42-4604-ba1f-46d5d4cdead7"><testcase classname="backend.tests.test_dossier_umlaut_free.TestDossierEndpoint" name="test_endpoint_returns_pdf" time="0.371" /><testcase classname="backend.tests.test_dossier_umlaut_free.TestDossierEndpoint" name="test_pdf_size_over_800kb" time="0.000" /><testcase classname="backend.tests.test_dossier_umlaut_free.TestDossierUmlautFree" name="test_text_layer_has_no_umlauts" time="0.016" /><testcase classname="backend.tests.test_dossier_umlaut_free.TestDossierUmlautFree" name="test_ocr_umlauts_tolerance" time="19.086" /></testsuite></testsuites>