<?xml version="1.0" encoding="utf-8"?><testsuites name="pytest tests"><testsuite name="pytest" errors="0" failures="0" skipped="0" tests="8" time="56.336" timestamp="2026-07-05T15:46:16.549805+00:00" hostname="agent-env-b1ebc93b-cd42-4604-ba1f-46d5d4cdead7"><testcase classname="backend.tests.test_zugferd_iteration79.TestZugferdParserUnit" name="test_is_zugferd_pdf_true" time="0.057" /><testcase classname="backend.tests.test_zugferd_iteration79.TestZugferdParserUnit" name="test_extract_and_parse_core_fields" time="0.002" /><testcase classname="backend.tests.test_zugferd_iteration79.TestZugferdParserUnit" name="test_try_zugferd_parse_convenience" time="0.001" /><testcase classname="backend.tests.test_zugferd_iteration79.TestZugferdParserUnit" name="test_merge_authoritative_fields_override" time="0.001" /><testcase classname="backend.tests.test_zugferd_iteration79.TestZugferdParserUnit" name="test_merge_no_zugferd_data_is_noop" time="0.000" /><testcase classname="backend.tests.test_zugferd_iteration79.TestZugferdReanalyzeE2E" name="test_reanalyze_zugferd_doc" time="56.133" /><testcase classname="backend.tests.test_zugferd_iteration79.TestZugferdSearch" name="test_search_for_normann_finds_doc" time="0.045" /><testcase classname="backend.tests.test_zugferd_iteration79.TestZugferdRegression" name="test_steinigke_sender_unchanged" time="0.045" /></testsuite></testsuites>