<?xml version="1.0" encoding="utf-8"?><testsuites name="pytest tests"><testsuite name="pytest" errors="0" failures="0" skipped="0" tests="12" time="1.580" timestamp="2026-07-16T16:04:33.950443+00:00" hostname="agent-env-b1ebc93b-cd42-4604-ba1f-46d5d4cdead7"><testcase classname="tests.test_bank_status_bulk_paid_iteration86.TestBankStatus" name="test_requires_token" time="0.376" /><testcase classname="tests.test_bank_status_bulk_paid_iteration86.TestBankStatus" name="test_bogus_token_rejected" time="0.094" /><testcase classname="tests.test_bank_status_bulk_paid_iteration86.TestBankStatus" name="test_admin_returns_banks" time="0.344" /><testcase classname="tests.test_bank_status_bulk_paid_iteration86.TestBulkMarkPaid" name="test_empty_list_400" time="0.076" /><testcase classname="tests.test_bank_status_bulk_paid_iteration86.TestBulkMarkPaid" name="test_bogus_id_returns_zero_updated" time="0.065" /><testcase classname="tests.test_bank_status_bulk_paid_iteration86.TestBulkMarkPaid" name="test_over_500_returns_400" time="0.058" /><testcase classname="tests.test_bank_status_bulk_paid_iteration86.TestBulkMarkPaid" name="test_real_open_invoice_gets_marked_paid" time="0.182" /><testcase classname="tests.test_bank_status_bulk_paid_iteration86.TestRegressionSingleMark" name="test_mark_paid_missing_doc_404" time="0.060" /><testcase classname="tests.test_bank_status_bulk_paid_iteration86.TestRegressionSingleMark" name="test_mark_creditcard_missing_doc_404" time="0.061" /><testcase classname="tests.test_bank_status_bulk_paid_iteration86.TestRegressionSingleMark" name="test_mark_sepa_missing_doc_404" time="0.054" /><testcase classname="tests.test_bank_status_bulk_paid_iteration86.TestFintsAutoMatch" name="test_no_500" time="0.057" /><testcase classname="tests.test_bank_status_bulk_paid_iteration86.TestZugferdEnd2End" name="test_analyze_document_fallback_uses_zugferd" time="0.068" /></testsuite></testsuites>