<?xml version="1.0" encoding="utf-8"?><testsuites name="pytest tests"><testsuite name="pytest" errors="0" failures="0" skipped="0" tests="6" time="1.218" timestamp="2026-07-05T17:42:40.222653+00:00" hostname="agent-env-b1ebc93b-cd42-4604-ba1f-46d5d4cdead7"><testcase classname="backend.tests.test_meier_uploads_iteration82" name="test_list_target_folder_contains_both_docs" time="0.533" /><testcase classname="backend.tests.test_meier_uploads_iteration82" name="test_folders_endpoint_contains_juni_2026" time="0.117" /><testcase classname="backend.tests.test_meier_uploads_iteration82" name="test_folders_have_no_umlauts" time="0.108" /><testcase classname="backend.tests.test_meier_uploads_iteration82" name="test_search_meier_finds_both_docs" time="0.140" /><testcase classname="backend.tests.test_meier_uploads_iteration82" name="test_rg_detail_metadata" time="0.112" /><testcase classname="backend.tests.test_meier_uploads_iteration82" name="test_gu_detail_metadata" time="0.145" /></testsuite></testsuites>