<?xml version="1.0" encoding="utf-8"?><testsuites name="pytest tests"><testsuite name="pytest" errors="0" failures="0" skipped="0" tests="12" time="2.908" timestamp="2026-05-21T12:01:16.952153+00:00" hostname="agent-env-b1ebc93b-cd42-4604-ba1f-46d5d4cdead7"><testcase classname="backend.tests.test_time_overview_iteration69.TestAuth" name="test_invalid_token_returns_401" time="0.281" /><testcase classname="backend.tests.test_time_overview_iteration69.TestAuth" name="test_empty_token_returns_401" time="0.111" /><testcase classname="backend.tests.test_time_overview_iteration69.TestAuth" name="test_no_token_returns_422" time="0.123" /><testcase classname="backend.tests.test_time_overview_iteration69.TestNoSchedule" name="test_admin_has_no_schedule" time="0.525" /><testcase classname="backend.tests.test_time_overview_iteration69.TestWithSchedule" name="test_ma1_has_schedule_and_correct_structure" time="0.450" /><testcase classname="backend.tests.test_time_overview_iteration69.TestWithSchedule" name="test_ma1_week_soll_is_32h" time="0.129" /><testcase classname="backend.tests.test_time_overview_iteration69.TestWithSchedule" name="test_next_7_days_length_and_keys" time="0.109" /><testcase classname="backend.tests.test_time_overview_iteration69.TestHolidays" name="test_pfingstmontag_in_next_7_or_week" time="0.138" /><testcase classname="backend.tests.test_time_overview_iteration69.TestHolidays" name="test_holiday_today_logic" time="0.189" /><testcase classname="backend.tests.test_time_overview_iteration69.TestLivePunch" name="test_open_clock_in_increments_ist_or_zero_due_to_break" time="0.502" /><testcase classname="backend.tests.test_time_overview_iteration69.TestConsistency" name="test_today_matches_week_days_entry" time="0.114" /><testcase classname="backend.tests.test_time_overview_iteration69.TestConsistency" name="test_diff_minutes_math" time="0.164" /></testsuite></testsuites>