<?xml version="1.0" encoding="utf-8"?><testsuites name="pytest tests"><testsuite name="pytest" errors="0" failures="0" skipped="0" tests="3" time="5.310" timestamp="2026-07-10T08:10:49.962085+00:00" hostname="agent-env-b1ebc93b-cd42-4604-ba1f-46d5d4cdead7"><testcase classname="backend.tests.test_meter_freeze_iteration84.TestInvoicePaymentLink" name="test_send_requires_auth" time="0.372" /><testcase classname="backend.tests.test_meter_freeze_iteration84.TestInvoicePaymentLink" name="test_send_404_for_unknown_invoice" time="0.494" /><testcase classname="backend.tests.test_meter_freeze_iteration84.TestInvoicePaymentLink" name="test_send_creates_payment_link_even_if_smtp_fails" time="4.309" /></testsuite></testsuites>