<?xml version="1.0" encoding="utf-8"?><testsuites name="pytest tests"><testsuite name="pytest" errors="0" failures="0" skipped="0" tests="13" time="1.342" timestamp="2026-08-24T08:57:46.507471+00:00" hostname="agent-env-b1ebc93b-cd42-4604-ba1f-46d5d4cdead7"><testcase classname="backend.tests.test_hallopetra_stability_iteration87" name="test_mongo_server_selection_timeout_30000" time="0.001" /><testcase classname="backend.tests.test_hallopetra_stability_iteration87" name="test_auto_sync_loop_default_interval_1800" time="0.000" /><testcase classname="backend.tests.test_hallopetra_stability_iteration87" name="test_start_log_line_mentions_30_min" time="0.000" /><testcase classname="backend.tests.test_hallopetra_stability_iteration87" name="test_throttling_yields_present_in_heavy_loops" time="0.000" /><testcase classname="backend.tests.test_hallopetra_stability_iteration87" name="test_health_endpoint" time="0.178" /><testcase classname="backend.tests.test_hallopetra_stability_iteration87" name="test_admin_login" time="0.276" /><testcase classname="backend.tests.test_hallopetra_stability_iteration87" name="test_tasks_list_regression" time="0.049" /><testcase classname="backend.tests.test_hallopetra_stability_iteration87" name="test_hallopetra_status" time="0.052" /><testcase classname="backend.tests.test_hallopetra_stability_iteration87" name="test_hallopetra_recent_calls" time="0.053" /><testcase classname="backend.tests.test_hallopetra_stability_iteration87" name="test_hallopetra_calls" time="0.052" /><testcase classname="backend.tests.test_hallopetra_stability_iteration87" name="test_hallopetra_contacts" time="0.054" /><testcase classname="backend.tests.test_hallopetra_stability_iteration87" name="test_hallopetra_manual_sync_calls" time="0.513" /><testcase classname="backend.tests.test_hallopetra_stability_iteration87" name="test_backend_still_alive_after_sync" time="0.047" /></testsuite></testsuites>