<?xml version="1.0" encoding="utf-8"?><testsuites name="pytest tests"><testsuite name="pytest" errors="0" failures="0" skipped="0" tests="8" time="2.668" timestamp="2026-07-05T15:57:33.402448+00:00" hostname="agent-env-b1ebc93b-cd42-4604-ba1f-46d5d4cdead7"><testcase classname="backend.tests.test_document_metadata_patch_iteration80" name="test_patch_updates_sender_only_and_marks_manually_edited" time="0.768" /><testcase classname="backend.tests.test_document_metadata_patch_iteration80" name="test_patch_empty_string_removes_field" time="0.352" /><testcase classname="backend.tests.test_document_metadata_patch_iteration80" name="test_patch_date_syncs_document_date" time="0.313" /><testcase classname="backend.tests.test_document_metadata_patch_iteration80" name="test_patch_document_date_syncs_date" time="0.307" /><testcase classname="backend.tests.test_document_metadata_patch_iteration80" name="test_patch_amount_only_preserves_sender_on_steinigke" time="0.407" /><testcase classname="backend.tests.test_document_metadata_patch_iteration80" name="test_patch_unknown_doc_returns_404" time="0.120" /><testcase classname="backend.tests.test_document_metadata_patch_iteration80" name="test_patch_empty_payload_no_changes" time="0.144" /><testcase classname="backend.tests.test_document_metadata_patch_iteration80" name="test_patch_ignores_unknown_field" time="0.207" /></testsuite></testsuites>