<?xml version="1.0" encoding="utf-8"?><testsuites name="pytest tests"><testsuite name="pytest" errors="0" failures="1" skipped="0" tests="9" time="6.765" timestamp="2026-07-10T08:07:39.343501+00:00" hostname="agent-env-b1ebc93b-cd42-4604-ba1f-46d5d4cdead7"><testcase classname="backend.tests.test_meter_freeze_iteration84.TestMeterFreeze" name="test_freeze_requires_auth" time="0.285" /><testcase classname="backend.tests.test_meter_freeze_iteration84.TestMeterFreeze" name="test_freeze_404_for_unknown_event" time="0.478" /><testcase classname="backend.tests.test_meter_freeze_iteration84.TestMeterFreeze" name="test_freeze_happy_path_and_idempotent" time="0.631" /><testcase classname="backend.tests.test_meter_freeze_iteration84.TestMeterFreeze" name="test_freeze_without_reading_still_unlinks" time="0.114" /><testcase classname="backend.tests.test_meter_freeze_iteration84.TestInvoicePaymentLink" name="test_send_requires_auth" time="0.111" /><testcase classname="backend.tests.test_meter_freeze_iteration84.TestInvoicePaymentLink" name="test_send_404_for_unknown_invoice" time="0.383" /><testcase classname="backend.tests.test_meter_freeze_iteration84.TestInvoicePaymentLink" name="test_send_creates_payment_link_even_if_smtp_fails" time="4.325"><failure message="AssertionError: payment_link_url NOT saved after /send call (status=200): None&#10;assert None&#10; +  where None = &lt;built-in method get of dict object at 0xfffe427831c0&gt;('payment_link_url')&#10; +    where &lt;built-in method get of dict object at 0xfffe427831c0&gt; = {'brutto': 119.0, 'created_at': '2026-04-04T15:30:35.917344+00:00', 'created_by': 'Christian Ecker', 'event': {'end_date': '2026-09-21', 'location': 'Marktplatz Musterstadt', 'name': 'Herbstkirmes Musterstadt 2026', 'start_date': '2026-09-15'}, ...}.get">backend/tests/test_meter_freeze_iteration84.py:278: in test_send_creates_payment_link_even_if_smtp_fails
    assert updated.get("payment_link_url"), f"payment_link_url NOT saved after /send call (status={r.status_code}): {updated.get('payment_link_url')}"
E   AssertionError: payment_link_url NOT saved after /send call (status=200): None
E   assert None
E    +  where None = &lt;built-in method get of dict object at 0xfffe427831c0&gt;('payment_link_url')
E    +    where &lt;built-in method get of dict object at 0xfffe427831c0&gt; = {'brutto': 119.0, 'created_at': '2026-04-04T15:30:35.917344+00:00', 'created_by': 'Christian Ecker', 'event': {'end_date': '2026-09-21', 'location': 'Marktplatz Musterstadt', 'name': 'Herbstkirmes Musterstadt 2026', 'start_date': '2026-09-15'}, ...}.get</failure></testcase><testcase classname="backend.tests.test_meter_freeze_iteration84.TestPublicPaymentRoutes" name="test_rechnung_bezahlt_public" time="0.132" /><testcase classname="backend.tests.test_meter_freeze_iteration84.TestPublicPaymentRoutes" name="test_rechnung_abgebrochen_public" time="0.139" /></testsuite></testsuites>