<?xml version="1.0" encoding="utf-8"?><testsuites name="pytest tests"><testsuite name="pytest" errors="0" failures="0" skipped="0" tests="18" time="2.317" timestamp="2026-06-18T14:32:09.313359+00:00" hostname="agent-env-b1ebc93b-cd42-4604-ba1f-46d5d4cdead7"><testcase classname="backend.tests.test_offdays.TestRLPHolidayHelper" name="test_neujahr_2026_thursday_holiday" time="0.000" /><testcase classname="backend.tests.test_offdays.TestRLPHolidayHelper" name="test_tag_der_einheit_2026" time="0.000" /><testcase classname="backend.tests.test_offdays.TestRLPHolidayHelper" name="test_christmas_25_dec_2026" time="0.000" /><testcase classname="backend.tests.test_offdays.TestRLPHolidayHelper" name="test_normal_weekday_no" time="0.000" /><testcase classname="backend.tests.test_offdays.TestRLPHolidayHelper" name="test_sunday_detection" time="0.000" /><testcase classname="backend.tests.test_offdays.TestRLPHolidayHelper" name="test_easter_movable_2026" time="0.000" /><testcase classname="backend.tests.test_offdays.TestAuth" name="test_me_requires_token" time="0.223" /><testcase classname="backend.tests.test_offdays.TestAuth" name="test_me_invalid_token" time="0.047" /><testcase classname="backend.tests.test_offdays.TestAuth" name="test_admin_list_works" time="0.357" /><testcase classname="backend.tests.test_offdays.TestOffdayMe" name="test_me_returns_balance_and_entries" time="0.051" /><testcase classname="backend.tests.test_offdays.TestAdjustEndpoint" name="test_adjust_increases_balance_and_reverts" time="0.155" /><testcase classname="backend.tests.test_offdays.TestAdjustEndpoint" name="test_adjust_delta_zero_400" time="0.050" /><testcase classname="backend.tests.test_offdays.TestAdjustEndpoint" name="test_adjust_delta_not_int_400" time="0.056" /><testcase classname="backend.tests.test_offdays.TestAdjustEndpoint" name="test_adjust_unknown_user_404" time="0.048" /><testcase classname="backend.tests.test_offdays.TestAdjustEndpoint" name="test_adjust_requires_verwaltung" time="0.373" /><testcase classname="backend.tests.test_offdays.TestShiftPlanOffdayIntegration" name="test_create_offday_assignment_debits_balance" time="0.536" /><testcase classname="backend.tests.test_offdays.TestRecompute" name="test_recompute_returns_counts" time="0.055" /><testcase classname="backend.tests.test_offdays.TestRecompute" name="test_recompute_is_idempotent" time="0.103" /></testsuite></testsuites>