<?xml version="1.0" encoding="utf-8"?><testsuites name="pytest tests"><testsuite name="pytest" errors="0" failures="0" skipped="0" tests="8" time="1.982" timestamp="2026-03-06T18:52:19.793181+00:00" hostname="agent-env-43261bd8-ccae-4310-afbe-5508c9c92b4b"><testcase classname="backend.tests.test_energy_monitoring_iteration24.TestDeviceIsOnlineField" name="test_devices_endpoint_returns_is_online_field" time="0.535" /><testcase classname="backend.tests.test_energy_monitoring_iteration24.TestDeviceIsOnlineField" name="test_mk001_device_has_data" time="0.064" /><testcase classname="backend.tests.test_energy_monitoring_iteration24.TestDataAccessRangeEndpoint" name="test_admin_has_no_data_restriction" time="0.052" /><testcase classname="backend.tests.test_energy_monitoring_iteration24.TestMesskofferPiFields" name="test_get_messkoffer_device_returns_pi_fields" time="0.066" /><testcase classname="backend.tests.test_energy_monitoring_iteration24.TestMesskofferPiFields" name="test_update_messkoffer_with_pi_fields" time="0.180" /><testcase classname="backend.tests.test_energy_monitoring_iteration24.TestKundeDataAccessEnforcement" name="test_create_kunde_with_data_access_range" time="0.934" /><testcase classname="backend.tests.test_energy_monitoring_iteration24.TestTelemetryWithDateRange" name="test_telemetry_with_from_to_dates" time="0.050" /><testcase classname="backend.tests.test_energy_monitoring_iteration24.TestCSVExportSupport" name="test_telemetry_has_all_csv_export_fields" time="0.051" /></testsuite></testsuites>