<?xml version="1.0" encoding="utf-8"?><testsuites name="pytest tests"><testsuite name="pytest" errors="0" failures="0" skipped="0" tests="9" time="2.966" timestamp="2026-03-20T07:53:53.795132+00:00" hostname="agent-env-e0b4f77a-c8be-400e-89cd-f2aac6d2ef60"><testcase classname="backend.tests.test_backup_system.TestBackupSystemAPI" name="test_get_backup_settings" time="0.499" /><testcase classname="backend.tests.test_backup_system.TestBackupSystemAPI" name="test_post_backup_settings" time="0.243" /><testcase classname="backend.tests.test_backup_system.TestBackupSystemAPI" name="test_list_backups" time="0.116" /><testcase classname="backend.tests.test_backup_system.TestBackupSystemAPI" name="test_trigger_db_backup" time="0.583" /><testcase classname="backend.tests.test_backup_system.TestBackupSystemAPI" name="test_trigger_files_backup" time="0.143" /><testcase classname="backend.tests.test_backup_system.TestBackupSystemAPI" name="test_download_backup" time="0.261" /><testcase classname="backend.tests.test_backup_system.TestBackupSystemAPI" name="test_delete_backup" time="0.811" /><testcase classname="backend.tests.test_backup_system.TestBackupSystemAPI" name="test_delete_nonexistent_backup" time="0.090" /><testcase classname="backend.tests.test_backup_system.TestBackupSystemAPI" name="test_reset_settings_to_defaults" time="0.093" /></testsuite></testsuites>