<?xml version="1.0" encoding="utf-8"?><testsuites name="pytest tests"><testsuite name="pytest" errors="0" failures="0" skipped="0" tests="7" time="1.360" timestamp="2026-03-25T17:42:39.402008+00:00" hostname="agent-env-ae3b3b6b-ecf7-4560-8604-b52c0323e28f"><testcase classname="backend.tests.test_event_log_iteration48.TestEventLogBackendAPIs" name="test_get_events_by_generator_id" time="0.583" /><testcase classname="backend.tests.test_event_log_iteration48.TestEventLogBackendAPIs" name="test_get_events_by_device_id" time="0.112" /><testcase classname="backend.tests.test_event_log_iteration48.TestEventLogBackendAPIs" name="test_events_have_required_fields" time="0.130" /><testcase classname="backend.tests.test_event_log_iteration48.TestEventLogBackendAPIs" name="test_events_count_matches_expected" time="0.142" /><testcase classname="backend.tests.test_event_log_iteration48.TestEventLogBackendAPIs" name="test_events_limit_parameter" time="0.124" /><testcase classname="backend.tests.test_event_log_iteration48.TestDeviceQuickInfo" name="test_device_quick_info" time="0.103" /><testcase classname="backend.tests.test_event_log_iteration48.TestServiceplanEventLog" name="test_serviceplan_list" time="0.112" /></testsuite></testsuites>