<?xml version="1.0" encoding="utf-8"?><testsuites name="pytest tests"><testsuite name="pytest" errors="0" failures="0" skipped="0" tests="11" time="6.912" timestamp="2026-04-13T06:51:32.943782+00:00" hostname="agent-env-0ce22708-21e1-4a76-b1e6-078a9e8b3ffa"><testcase classname="backend.tests.test_dse890_sentinel_fix_iteration66.TestHealthAndAuth" name="test_health_endpoint" time="0.153" /><testcase classname="backend.tests.test_dse890_sentinel_fix_iteration66.TestHealthAndAuth" name="test_admin_login" time="0.322" /><testcase classname="backend.tests.test_dse890_sentinel_fix_iteration66.TestSentinelValueFiltering" name="test_generators_list_no_sentinel_values" time="0.430" /><testcase classname="backend.tests.test_dse890_sentinel_fix_iteration66.TestSentinelValueFiltering" name="test_generator_detail_sanitized_telemetry" time="0.540" /><testcase classname="backend.tests.test_dse890_sentinel_fix_iteration66.TestControlButtonRouting" name="test_control_endpoint_exists" time="0.535" /><testcase classname="backend.tests.test_dse890_sentinel_fix_iteration66.TestControlButtonRouting" name="test_control_invalid_command" time="0.539" /><testcase classname="backend.tests.test_dse890_sentinel_fix_iteration66.TestControlButtonRouting" name="test_control_valid_commands" time="1.617" /><testcase classname="backend.tests.test_dse890_sentinel_fix_iteration66.TestDevGeneratorControlRouting" name="test_dev_generator_lookup" time="0.764" /><testcase classname="backend.tests.test_dse890_sentinel_fix_iteration66.TestDevGeneratorControlRouting" name="test_dev_generator_control_uses_device_lookup" time="0.549" /><testcase classname="backend.tests.test_dse890_sentinel_fix_iteration66.TestTelemetryThresholds" name="test_telemetry_field_thresholds" time="0.440" /><testcase classname="backend.tests.test_dse890_sentinel_fix_iteration66.TestDseModeReading" name="test_dse_mode_in_generator_detail" time="0.951" /></testsuite></testsuites>