<?xml version="1.0" encoding="utf-8"?><testsuites name="pytest tests"><testsuite name="pytest" errors="0" failures="0" skipped="0" tests="10" time="7.461" timestamp="2026-03-05T23:41:25.245320+00:00" hostname="agent-env-4d41eb9c-fa69-47f3-9840-b1e4351e6756"><testcase classname="backend.tests.test_generator_permissions.TestGeneratorPermissions" name="test_admin_sees_all_generators" time="0.816" /><testcase classname="backend.tests.test_generator_permissions.TestGeneratorPermissions" name="test_admin_stats_shows_all" time="0.783" /><testcase classname="backend.tests.test_generator_permissions.TestGeneratorPermissions" name="test_kunde_with_specific_generators_sees_limited" time="0.844" /><testcase classname="backend.tests.test_generator_permissions.TestGeneratorPermissions" name="test_kunde_stats_shows_limited" time="0.808" /><testcase classname="backend.tests.test_generator_permissions.TestGeneratorPermissions" name="test_kunde_can_access_assigned_generator_detail" time="0.912" /><testcase classname="backend.tests.test_generator_permissions.TestGeneratorPermissions" name="test_kunde_cannot_access_unassigned_generator" time="1.029" /><testcase classname="backend.tests.test_generator_permissions.TestUserPermissionsUpdate" name="test_get_users_shows_generator_monitoring_permissions" time="0.450" /><testcase classname="backend.tests.test_generator_permissions.TestUserPermissionsUpdate" name="test_update_user_generator_monitoring_permissions" time="0.757" /><testcase classname="backend.tests.test_generator_permissions.TestUIColorTheme" name="test_generators_list_returns_data_for_dashboard" time="0.446" /><testcase classname="backend.tests.test_generator_permissions.TestUIColorTheme" name="test_generator_detail_returns_data_for_detail_page" time="0.554" /></testsuite></testsuites>