<?xml version="1.0" encoding="utf-8"?><testsuites name="pytest tests"><testsuite name="pytest" errors="0" failures="0" skipped="0" tests="13" time="4.096" timestamp="2026-03-09T06:42:39.779435+00:00" hostname="agent-env-c3b99a74-72f3-4610-9c0c-f4d2eb1600aa"><testcase classname="backend.tests.test_password_policy.TestPasswordValidationPublicEndpoint" name="test_weak_password_too_short" time="0.120" /><testcase classname="backend.tests.test_password_policy.TestPasswordValidationPublicEndpoint" name="test_password_without_digit" time="0.106" /><testcase classname="backend.tests.test_password_policy.TestPasswordValidationPublicEndpoint" name="test_password_without_uppercase" time="0.159" /><testcase classname="backend.tests.test_password_policy.TestPasswordValidationPublicEndpoint" name="test_password_without_lowercase" time="0.108" /><testcase classname="backend.tests.test_password_policy.TestPasswordValidationPublicEndpoint" name="test_password_without_special_char" time="0.100" /><testcase classname="backend.tests.test_password_policy.TestPasswordValidationPublicEndpoint" name="test_valid_password_succeeds" time="0.322" /><testcase classname="backend.tests.test_password_policy.TestPasswordValidationStaffEndpoint" name="test_staff_weak_password_too_short" time="0.421" /><testcase classname="backend.tests.test_password_policy.TestPasswordValidationStaffEndpoint" name="test_staff_password_without_digit" time="0.457" /><testcase classname="backend.tests.test_password_policy.TestPasswordValidationStaffEndpoint" name="test_staff_password_without_uppercase" time="0.438" /><testcase classname="backend.tests.test_password_policy.TestPasswordValidationStaffEndpoint" name="test_staff_password_without_lowercase" time="0.416" /><testcase classname="backend.tests.test_password_policy.TestPasswordValidationStaffEndpoint" name="test_staff_password_without_special_char" time="0.428" /><testcase classname="backend.tests.test_password_policy.TestPasswordValidationStaffEndpoint" name="test_staff_valid_password_succeeds" time="0.645" /><testcase classname="backend.tests.test_password_policy.TestLoginWithNewPassword" name="test_login_with_kirmes_2026" time="0.320" /></testsuite></testsuites>