<?xml version="1.0" encoding="utf-8"?><testsuites name="pytest tests"><testsuite name="pytest" errors="0" failures="0" skipped="0" tests="13" time="2.130" timestamp="2026-03-06T20:14:37.760896+00:00" hostname="agent-env-43261bd8-ccae-4310-afbe-5508c9c92b4b"><testcase classname="backend.tests.test_device_key_iteration25.TestDeviceKeyGeneration" name="test_generate_key_returns_plain_key" time="0.594" /><testcase classname="backend.tests.test_device_key_iteration25.TestDeviceKeyGeneration" name="test_generate_key_requires_admin" time="0.067" /><testcase classname="backend.tests.test_device_key_iteration25.TestDeviceKeyGeneration" name="test_generate_key_404_for_nonexistent_device" time="0.060" /><testcase classname="backend.tests.test_device_key_iteration25.TestDeviceKeyInfo" name="test_key_info_shows_has_key_true" time="0.067" /><testcase classname="backend.tests.test_device_key_iteration25.TestDeviceKeyInfo" name="test_key_info_requires_admin" time="0.060" /><testcase classname="backend.tests.test_device_key_iteration25.TestIngestWithDeviceKey" name="test_ingest_with_correct_device_key" time="0.219" /><testcase classname="backend.tests.test_device_key_iteration25.TestIngestWithDeviceKey" name="test_ingest_rejects_wrong_key" time="0.062" /><testcase classname="backend.tests.test_device_key_iteration25.TestSyncStateWithDeviceKey" name="test_sync_state_with_valid_key" time="0.243" /><testcase classname="backend.tests.test_device_key_iteration25.TestSyncStateWithDeviceKey" name="test_sync_state_rejects_wrong_key" time="0.123" /><testcase classname="backend.tests.test_device_key_iteration25.TestDownloadEndpoints" name="test_download_sync_script" time="0.062" /><testcase classname="backend.tests.test_device_key_iteration25.TestDownloadEndpoints" name="test_download_sync_service" time="0.057" /><testcase classname="backend.tests.test_device_key_iteration25.TestDownloadEndpoints" name="test_download_sync_config" time="0.068" /><testcase classname="backend.tests.test_device_key_iteration25.TestKeyInfoForNewDevice" name="test_key_info_for_device_before_key_generation" time="0.255" /></testsuite></testsuites>