<?xml version="1.0" encoding="utf-8"?><testsuites name="pytest tests"><testsuite name="pytest" errors="0" failures="0" skipped="0" tests="15" time="2.426" timestamp="2026-04-02T20:40:20.568483+00:00" hostname="agent-env-64d95f04-b593-475a-8b25-cfcbb52c9bac"><testcase classname="backend.tests.test_meter_diagnostics_page_iteration52.TestDiagnosticsEndpoint" name="test_diagnostics_returns_data" time="0.554" /><testcase classname="backend.tests.test_meter_diagnostics_page_iteration52.TestDiagnosticsEndpoint" name="test_diagnostics_with_date_filter" time="0.135" /><testcase classname="backend.tests.test_meter_diagnostics_page_iteration52.TestDiagnosticsEndpoint" name="test_diagnostics_returns_required_fields" time="0.147" /><testcase classname="backend.tests.test_meter_diagnostics_page_iteration52.TestDiagnosticsEndpoint" name="test_diagnostics_sorted_descending" time="0.162" /><testcase classname="backend.tests.test_meter_diagnostics_page_iteration52.TestDiagnosticsEndpoint" name="test_diagnostics_invalid_device" time="0.117" /><testcase classname="backend.tests.test_meter_diagnostics_page_iteration52.TestDiagnosticsEndpoint" name="test_diagnostics_invalid_meter" time="0.106" /><testcase classname="backend.tests.test_meter_diagnostics_page_iteration52.TestDiagnosticsEndpoint" name="test_diagnostics_requires_auth" time="0.105" /><testcase classname="backend.tests.test_meter_diagnostics_page_iteration52.TestHistoryEndpoint" name="test_history_returns_assignments" time="0.123" /><testcase classname="backend.tests.test_meter_diagnostics_page_iteration52.TestHistoryEndpoint" name="test_history_assignment_fields" time="0.188" /><testcase classname="backend.tests.test_meter_diagnostics_page_iteration52.TestHistoryEndpoint" name="test_history_assignment_values" time="0.108" /><testcase classname="backend.tests.test_meter_diagnostics_page_iteration52.TestHistoryEndpoint" name="test_history_requires_auth" time="0.118" /><testcase classname="backend.tests.test_meter_diagnostics_page_iteration52.TestDiagnosticsForDeviceNotInCollection" name="test_diagnostics_works_without_device_record" time="0.123" /><testcase classname="backend.tests.test_meter_diagnostics_page_iteration52.TestDiagnosticsForDeviceNotInCollection" name="test_history_works_without_device_record" time="0.114" /><testcase classname="backend.tests.test_meter_diagnostics_page_iteration52.TestDateFilterEdgeCases" name="test_empty_date_range" time="0.118" /><testcase classname="backend.tests.test_meter_diagnostics_page_iteration52.TestDateFilterEdgeCases" name="test_no_date_filter" time="0.142" /></testsuite></testsuites>