<?xml version="1.0" encoding="utf-8"?><testsuites name="pytest tests"><testsuite name="pytest" errors="0" failures="0" skipped="0" tests="18" time="8.588" timestamp="2026-03-06T13:04:07.887846+00:00" hostname="agent-env-b7228f63-76f6-4183-b8ef-8559009a6f1e"><testcase classname="tests.test_mqtt_integration.TestMqttConfigEndpoints" name="test_get_mqtt_config_returns_default_when_empty" time="0.592" /><testcase classname="tests.test_mqtt_integration.TestMqttConfigEndpoints" name="test_put_mqtt_config_saves_broker_configuration" time="0.115" /><testcase classname="tests.test_mqtt_integration.TestMqttConfigEndpoints" name="test_mqtt_password_is_masked_in_get_response" time="0.234" /><testcase classname="tests.test_mqtt_integration.TestMqttStatusEndpoint" name="test_get_mqtt_status" time="0.444" /><testcase classname="tests.test_mqtt_integration.TestMqttTestConnection" name="test_mqtt_test_connection_endpoint_exists" time="3.866" /><testcase classname="tests.test_mqtt_integration.TestGatewayMappings" name="test_list_gateway_mappings" time="0.482" /><testcase classname="tests.test_mqtt_integration.TestGatewayMappings" name="test_create_gateway_mapping" time="0.255" /><testcase classname="tests.test_mqtt_integration.TestGatewayMappings" name="test_create_and_delete_gateway_mapping" time="0.319" /><testcase classname="tests.test_mqtt_integration.TestGatewayMappings" name="test_create_mapping_invalid_generator_returns_404" time="0.096" /><testcase classname="tests.test_mqtt_integration.TestRawMessages" name="test_get_raw_messages" time="0.432" /><testcase classname="tests.test_mqtt_integration.TestNonAdminAccess" name="test_non_admin_cannot_get_mqtt_config" time="0.437" /><testcase classname="tests.test_mqtt_integration.TestNonAdminAccess" name="test_non_admin_cannot_put_mqtt_config" time="0.122" /><testcase classname="tests.test_mqtt_integration.TestNonAdminAccess" name="test_non_admin_cannot_get_mqtt_status" time="0.104" /><testcase classname="tests.test_mqtt_integration.TestNonAdminAccess" name="test_non_admin_cannot_test_mqtt_connection" time="0.104" /><testcase classname="tests.test_mqtt_integration.TestNonAdminAccess" name="test_non_admin_cannot_get_mappings" time="0.104" /><testcase classname="tests.test_mqtt_integration.TestNonAdminAccess" name="test_non_admin_cannot_create_mapping" time="0.115" /><testcase classname="tests.test_mqtt_integration.TestNonAdminAccess" name="test_non_admin_cannot_get_raw_messages" time="0.134" /><testcase classname="tests.test_mqtt_integration.TestCleanup" name="test_cleanup_test_mappings" time="0.523" /></testsuite></testsuites>