<?xml version="1.0" encoding="utf-8"?><testsuites name="pytest tests"><testsuite name="pytest" errors="0" failures="0" skipped="0" tests="10" time="4.023" timestamp="2026-03-08T18:54:21.237113+00:00" hostname="agent-env-e7690eb6-c586-44b6-935d-7699aa59a7fc"><testcase classname="backend.tests.test_kirmes_qr_scanner.TestQrScannerBackend" name="test_get_meter_info_success" time="0.512" /><testcase classname="backend.tests.test_kirmes_qr_scanner.TestQrScannerBackend" name="test_get_meter_info_invalid_id" time="0.417" /><testcase classname="backend.tests.test_kirmes_qr_scanner.TestQrScannerBackend" name="test_get_meter_info_unauthenticated" time="0.464" /><testcase classname="backend.tests.test_kirmes_qr_scanner.TestQrScannerBackend" name="test_assign_meter_to_signup_success" time="0.746" /><testcase classname="backend.tests.test_kirmes_qr_scanner.TestQrScannerBackend" name="test_assign_meter_missing_signup_id" time="0.449" /><testcase classname="backend.tests.test_kirmes_qr_scanner.TestQrScannerBackend" name="test_assign_meter_invalid_meter_id" time="0.440" /><testcase classname="backend.tests.test_kirmes_qr_scanner.TestQrScannerBackend" name="test_assign_meter_invalid_signup_id" time="0.464" /><testcase classname="backend.tests.test_kirmes_qr_scanner.TestQrCodeUrlParsing" name="test_url_parsing_regex" time="0.000" /><testcase classname="backend.tests.test_kirmes_qr_scanner.TestQrCodeUrlParsing" name="test_url_parsing_invalid" time="0.000" /><testcase classname="backend.tests.test_kirmes_qr_scanner.TestAvailableSignupsInMeterInfo" name="test_available_signups_structure" time="0.476" /></testsuite></testsuites>