<?xml version="1.0" encoding="utf-8"?><testsuites name="pytest tests"><testsuite name="pytest" errors="0" failures="0" skipped="0" tests="11" time="3.091" timestamp="2026-04-04T10:26:53.000773+00:00" hostname="agent-env-b741849b-a928-4651-b1ba-e63e8820f3e2"><testcase classname="backend.tests.test_lastdiagramm.TestLastdiagrammAvailable" name="test_get_available_lastdiagramme_valid_schausteller" time="0.232" /><testcase classname="backend.tests.test_lastdiagramm.TestLastdiagrammAvailable" name="test_get_available_lastdiagramme_invalid_schausteller" time="0.127" /><testcase classname="backend.tests.test_lastdiagramm.TestLastdiagrammAvailable" name="test_get_available_lastdiagramme_missing_param" time="0.132" /><testcase classname="backend.tests.test_lastdiagramm.TestLastdiagrammPurchase" name="test_purchase_lastdiagramm_success" time="0.213" /><testcase classname="backend.tests.test_lastdiagramm.TestLastdiagrammPurchase" name="test_purchase_lastdiagramm_duplicate_prevention" time="0.217" /><testcase classname="backend.tests.test_lastdiagramm.TestLastdiagrammPurchase" name="test_purchase_lastdiagramm_invalid_schausteller" time="0.722" /><testcase classname="backend.tests.test_lastdiagramm.TestLastdiagrammPurchase" name="test_purchase_lastdiagramm_invalid_signup" time="0.142" /><testcase classname="backend.tests.test_lastdiagramm.TestLastdiagrammPDF" name="test_download_pdf_success" time="0.644" /><testcase classname="backend.tests.test_lastdiagramm.TestLastdiagrammPDF" name="test_download_pdf_invalid_order" time="0.108" /><testcase classname="backend.tests.test_lastdiagramm.TestLastdiagrammPDF" name="test_download_pdf_wrong_schausteller" time="0.204" /><testcase classname="backend.tests.test_lastdiagramm.TestLastdiagrammInvoiceIntegration" name="test_invoice_appears_in_my_bookings" time="0.144" /></testsuite></testsuites>