<?xml version="1.0" encoding="utf-8"?><testsuites name="pytest tests"><testsuite name="pytest" errors="0" failures="0" skipped="0" tests="16" time="6.565" timestamp="2026-03-08T19:59:55.644819+00:00" hostname="agent-env-e7690eb6-c586-44b6-935d-7699aa59a7fc"><testcase classname="backend.tests.test_stripe_payments.TestPaymentsPublicEndpoints" name="test_get_deposit_info_returns_default_amounts" time="0.191" /><testcase classname="backend.tests.test_stripe_payments.TestPaymentsPublicEndpoints" name="test_checkout_deposit_with_invalid_signup" time="0.127" /><testcase classname="backend.tests.test_stripe_payments.TestPaymentsPublicEndpoints" name="test_checkout_deposit_with_valid_signup" time="0.779" /><testcase classname="backend.tests.test_stripe_payments.TestPaymentsPublicEndpoints" name="test_checkout_invoice_with_invalid_invoice" time="0.122" /><testcase classname="backend.tests.test_stripe_payments.TestPaymentsPublicEndpoints" name="test_checkout_invoice_with_valid_invoice" time="0.500" /><testcase classname="backend.tests.test_stripe_payments.TestPaymentsPublicEndpoints" name="test_checkout_status_invalid_session" time="0.128" /><testcase classname="backend.tests.test_stripe_payments.TestPaymentsPublicEndpoints" name="test_checkout_status_valid_session" time="0.945" /><testcase classname="backend.tests.test_stripe_payments.TestPaymentsPublicEndpoints" name="test_webhook_returns_ok" time="0.107" /><testcase classname="backend.tests.test_stripe_payments.TestPaymentsAdminEndpoints" name="test_get_deposit_config_requires_auth" time="0.468" /><testcase classname="backend.tests.test_stripe_payments.TestPaymentsAdminEndpoints" name="test_get_deposit_config_with_auth" time="0.453" /><testcase classname="backend.tests.test_stripe_payments.TestPaymentsAdminEndpoints" name="test_update_deposit_config" time="0.674" /><testcase classname="backend.tests.test_stripe_payments.TestPaymentsAdminEndpoints" name="test_update_deposit_config_requires_auth" time="0.468" /><testcase classname="backend.tests.test_stripe_payments.TestPaymentsAdminEndpoints" name="test_get_transactions_requires_auth" time="0.484" /><testcase classname="backend.tests.test_stripe_payments.TestPaymentsAdminEndpoints" name="test_get_transactions_with_auth" time="0.452" /><testcase classname="backend.tests.test_stripe_payments.TestPaymentsAdminEndpoints" name="test_get_transactions_filtered_by_event" time="0.468" /><testcase classname="backend.tests.test_stripe_payments.TestDepositAmountsPerConnectionType" name="test_deposit_amounts_match_spec" time="0.116" /></testsuite></testsuites>