<?xml version="1.0" encoding="utf-8"?><testsuites name="pytest tests"><testsuite name="pytest" errors="0" failures="0" skipped="0" tests="22" time="11.208" timestamp="2026-03-05T21:50:46.909840+00:00" hostname="agent-env-59a99d70-87c2-4f82-a1f3-06f1b2ffa0db"><testcase classname="tests.test_fileshare_portal.TestHealthCheck" name="test_health_check" time="0.207" /><testcase classname="tests.test_fileshare_portal.TestAuthentication" name="test_login_with_admin_credentials" time="0.349" /><testcase classname="tests.test_fileshare_portal.TestAuthentication" name="test_login_with_kunde_credentials" time="0.374" /><testcase classname="tests.test_fileshare_portal.TestAuthentication" name="test_login_invalid_credentials" time="0.118" /><testcase classname="tests.test_fileshare_portal.TestAuthentication" name="test_get_current_user" time="0.500" /><testcase classname="tests.test_fileshare_portal.TestPasswordReset" name="test_request_password_reset" time="0.121" /><testcase classname="tests.test_fileshare_portal.TestPasswordReset" name="test_verify_reset_token" time="0.238" /><testcase classname="tests.test_fileshare_portal.TestPasswordReset" name="test_verify_invalid_reset_token" time="0.110" /><testcase classname="tests.test_fileshare_portal.TestUserManagement" name="test_list_users" time="0.466" /><testcase classname="tests.test_fileshare_portal.TestUserManagement" name="test_create_and_delete_user" time="0.802" /><testcase classname="tests.test_fileshare_portal.TestUserManagement" name="test_update_user" time="0.938" /><testcase classname="tests.test_fileshare_portal.TestAdminPasswordManagement" name="test_admin_set_password" time="1.152" /><testcase classname="tests.test_fileshare_portal.TestAdminPasswordManagement" name="test_admin_generate_reset_link" time="0.582" /><testcase classname="tests.test_fileshare_portal.TestFolderOperations" name="test_create_folder_personal" time="0.569" /><testcase classname="tests.test_fileshare_portal.TestFolderOperations" name="test_create_folder_shared" time="0.659" /><testcase classname="tests.test_fileshare_portal.TestFolderOperations" name="test_list_folders" time="0.434" /><testcase classname="tests.test_fileshare_portal.TestFileOperations" name="test_list_files" time="0.555" /><testcase classname="tests.test_fileshare_portal.TestFileOperations" name="test_upload_file" time="0.596" /><testcase classname="tests.test_fileshare_portal.TestShareOperations" name="test_list_shares" time="0.456" /><testcase classname="tests.test_fileshare_portal.TestShareOperations" name="test_create_share_for_file" time="0.824" /><testcase classname="tests.test_fileshare_portal.TestStatistics" name="test_get_stats" time="0.538" /><testcase classname="tests.test_fileshare_portal.TestStatistics" name="test_get_users_with_files" time="0.494" /></testsuite></testsuites>