<?xml version="1.0" encoding="utf-8"?><testsuites name="pytest tests"><testsuite name="pytest" errors="0" failures="0" skipped="0" tests="12" time="7.470" timestamp="2026-04-05T10:34:17.582213+00:00" hostname="agent-env-666c8b86-336a-4360-a16f-00ea6ee59ba9"><testcase classname="backend.tests.test_user_permissions.TestUserPermissions" name="test_admin_login_success" time="0.618" /><testcase classname="backend.tests.test_user_permissions.TestUserPermissions" name="test_get_users_list" time="0.371" /><testcase classname="backend.tests.test_user_permissions.TestUserPermissions" name="test_create_test_mitarbeiter_user" time="0.685" /><testcase classname="backend.tests.test_user_permissions.TestUserPermissions" name="test_update_user_finance_permission_enabled" time="0.835" /><testcase classname="backend.tests.test_user_permissions.TestUserPermissions" name="test_update_user_dokumentenverwaltung_permission_enabled" time="0.813" /><testcase classname="backend.tests.test_user_permissions.TestUserPermissions" name="test_update_user_both_permissions_enabled" time="0.797" /><testcase classname="backend.tests.test_user_permissions.TestUserPermissions" name="test_update_user_both_permissions_disabled" time="0.834" /><testcase classname="backend.tests.test_user_permissions.TestUserPermissions" name="test_apps_object_structure_preserved" time="0.820" /><testcase classname="backend.tests.test_user_permissions.TestUserPermissions" name="test_cleanup_test_user" time="0.435" /><testcase classname="backend.tests.test_user_permissions.TestProtectedRouteAccess" name="test_admin_has_all_permissions" time="0.383" /><testcase classname="backend.tests.test_user_permissions.TestProtectedRouteAccess" name="test_documents_api_accessible_with_auth" time="0.372" /><testcase classname="backend.tests.test_user_permissions.TestProtectedRouteAccess" name="test_documents_api_requires_auth" time="0.447" /></testsuite></testsuites>