<?xml version="1.0" encoding="utf-8"?><testsuites name="pytest tests"><testsuite name="pytest" errors="0" failures="0" skipped="0" tests="9" time="7.109" timestamp="2026-03-09T06:15:52.721995+00:00" hostname="agent-env-c3b99a74-72f3-4610-9c0c-f4d2eb1600aa"><testcase classname="backend.tests.test_payment_status_fix.TestSignupPaymentStatusCreditCard" name="test_signup_kreditkarte_returns_pending_payment_status" time="0.756" /><testcase classname="backend.tests.test_payment_status_fix.TestSignupPaymentStatusPayPal" name="test_signup_paypal_returns_pending_payment_status" time="0.544" /><testcase classname="backend.tests.test_payment_status_fix.TestSignupPaymentStatusRechnung" name="test_signup_rechnung_with_authorized_schausteller_returns_ausstehend" time="2.300" /><testcase classname="backend.tests.test_payment_status_fix.TestSignupPaymentStatusRechnung" name="test_signup_rechnung_without_authorization_returns_400" time="0.436" /><testcase classname="backend.tests.test_payment_status_fix.TestPaymentStatusPolling" name="test_checkout_deposit_works_for_pending_payment_signup" time="1.114" /><testcase classname="backend.tests.test_payment_status_fix.TestPaymentStatusPolling" name="test_checkout_status_returns_pending_for_unpaid_session" time="1.198" /><testcase classname="backend.tests.test_payment_status_fix.TestPendingPaymentStatusBadgeDisplay" name="test_my_bookings_shows_correct_payment_status" time="0.434" /><testcase classname="backend.tests.test_payment_status_fix.TestSchaustellerKaufAufRechnungFlag" name="test_schausteller_with_rechnung_has_flag_true" time="0.109" /><testcase classname="backend.tests.test_payment_status_fix.TestSchaustellerKaufAufRechnungFlag" name="test_schausteller_without_rechnung_flag_rejects_rechnung" time="0.105" /></testsuite></testsuites>