<?xml version="1.0" encoding="utf-8"?><testsuites name="pytest tests"><testsuite name="pytest" errors="0" failures="0" skipped="0" tests="11" time="5.445" timestamp="2026-04-03T11:30:27.441635+00:00" hostname="agent-env-6600490f-28ee-4e15-92fd-d433133a6a8a"><testcase classname="backend.tests.test_project_reports.TestProjectReportsAPI" name="test_create_project_report_minimal" time="0.564" /><testcase classname="backend.tests.test_project_reports.TestProjectReportsAPI" name="test_create_project_report_full" time="0.429" /><testcase classname="backend.tests.test_project_reports.TestProjectReportsAPI" name="test_get_reports_by_order" time="0.461" /><testcase classname="backend.tests.test_project_reports.TestProjectReportsAPI" name="test_get_single_report" time="0.471" /><testcase classname="backend.tests.test_project_reports.TestProjectReportsAPI" name="test_get_nonexistent_report" time="0.370" /><testcase classname="backend.tests.test_project_reports.TestProjectReportsAPI" name="test_update_report" time="0.722" /><testcase classname="backend.tests.test_project_reports.TestProjectReportsAPI" name="test_update_report_arrays" time="0.501" /><testcase classname="backend.tests.test_project_reports.TestProjectReportsAPI" name="test_update_nonexistent_report" time="0.387" /><testcase classname="backend.tests.test_project_reports.TestProjectReportsAPI" name="test_delete_report" time="0.501" /><testcase classname="backend.tests.test_project_reports.TestProjectReportsAPI" name="test_delete_nonexistent_report" time="0.366" /><testcase classname="backend.tests.test_project_reports.TestProjectReportsAPI" name="test_unauthorized_access" time="0.494" /></testsuite></testsuites>