<?xml version="1.0" encoding="utf-8"?><testsuites name="pytest tests"><testsuite name="pytest" errors="0" failures="0" skipped="0" tests="13" time="7.408" timestamp="2026-04-07T12:30:16.444862+00:00" hostname="agent-env-4516d677-f683-4e5e-ada0-66c8d0a82649"><testcase classname="backend.tests.test_crew_batch_iteration63.TestCrewEndpoints" name="test_health_check" time="0.628" /><testcase classname="backend.tests.test_crew_batch_iteration63.TestCrewEndpoints" name="test_get_single_order_crew_pk3" time="0.446" /><testcase classname="backend.tests.test_crew_batch_iteration63.TestCrewEndpoints" name="test_get_single_order_crew_pk4" time="0.482" /><testcase classname="backend.tests.test_crew_batch_iteration63.TestCrewEndpoints" name="test_get_single_order_crew_pk5_no_data" time="0.422" /><testcase classname="backend.tests.test_crew_batch_iteration63.TestCrewEndpoints" name="test_batch_crew_endpoint" time="0.428" /><testcase classname="backend.tests.test_crew_batch_iteration63.TestCrewEndpoints" name="test_batch_crew_empty_request" time="0.458" /><testcase classname="backend.tests.test_crew_batch_iteration63.TestCrewEndpoints" name="test_batch_crew_large_request" time="1.521" /><testcase classname="backend.tests.test_crew_batch_iteration63.TestCrewEndpoints" name="test_batch_crew_over_limit" time="0.434" /><testcase classname="backend.tests.test_crew_batch_iteration63.TestCrewEndpoints" name="test_crew_caching" time="0.583" /><testcase classname="backend.tests.test_crew_batch_iteration63.TestEinsatzplanungIntegration" name="test_orders_endpoint_for_week" time="0.425" /><testcase classname="backend.tests.test_crew_batch_iteration63.TestEinsatzplanungIntegration" name="test_shift_plan_endpoint" time="0.451" /><testcase classname="backend.tests.test_crew_batch_iteration63.TestEinsatzplanungIntegration" name="test_job_reqs_endpoint" time="0.428" /><testcase classname="backend.tests.test_crew_batch_iteration63.TestEinsatzplanungIntegration" name="test_create_shift_assignment" time="0.631" /></testsuite></testsuites>