<?xml version="1.0" encoding="utf-8"?><testsuites name="pytest tests"><testsuite name="pytest" errors="0" failures="0" skipped="0" tests="9" time="1.686" timestamp="2026-03-19T21:39:50.786272+00:00" hostname="agent-env-585f9e15-0d1d-464b-ab7a-b61ec6f8dce6"><testcase classname="backend.tests.test_mosquitto_iteration42.TestMosquittoDownloads" name="test_health_check" time="0.332" /><testcase classname="backend.tests.test_mosquitto_iteration42.TestMosquittoDownloads" name="test_mosquitto_bundle_endpoint" time="0.104" /><testcase classname="backend.tests.test_mosquitto_iteration42.TestMosquittoDownloads" name="test_mosquitto_bundle_contains_both_files" time="0.139" /><testcase classname="backend.tests.test_mosquitto_iteration42.TestMosquittoDownloads" name="test_mosquitto_setup_endpoint" time="0.186" /><testcase classname="backend.tests.test_mosquitto_iteration42.TestMosquittoDownloads" name="test_mosquitto_config_endpoint" time="0.143" /><testcase classname="backend.tests.test_mosquitto_iteration42.TestTankbelegPiRegression" name="test_tankbeleg_pi_bundle_still_works" time="0.116" /><testcase classname="backend.tests.test_mosquitto_iteration42.TestTankbelegPiRegression" name="test_tankbeleg_pi_script_still_works" time="0.113" /><testcase classname="backend.tests.test_mosquitto_iteration42.TestExistingMqttConfig" name="test_mqtt_config_endpoint_exists" time="0.153" /><testcase classname="backend.tests.test_mosquitto_iteration42.TestAdminLoginRegression" name="test_admin_login_works" time="0.337" /></testsuite></testsuites>