<?xml version="1.0" encoding="utf-8"?><testsuites name="pytest tests"><testsuite name="pytest" errors="0" failures="0" skipped="0" tests="26" time="4.774" timestamp="2026-03-08T13:10:38.451458+00:00" hostname="agent-env-97d20d49-bb15-4f0e-8489-d338fe8df158"><testcase classname="backend.tests.test_kirmes.TestStandardPrices" name="test_get_standard_prices_requires_auth" time="0.227" /><testcase classname="backend.tests.test_kirmes.TestStandardPrices" name="test_get_standard_prices_as_staff" time="0.359" /><testcase classname="backend.tests.test_kirmes.TestStandardPrices" name="test_update_standard_prices_requires_admin" time="0.697" /><testcase classname="backend.tests.test_kirmes.TestStandardPrices" name="test_update_standard_prices_as_admin" time="0.161" /><testcase classname="backend.tests.test_kirmes.TestEvents" name="test_list_events_requires_auth" time="0.139" /><testcase classname="backend.tests.test_kirmes.TestEvents" name="test_create_event" time="0.060" /><testcase classname="backend.tests.test_kirmes.TestEvents" name="test_list_events" time="0.053" /><testcase classname="backend.tests.test_kirmes.TestEvents" name="test_list_events_filter_by_status" time="0.056" /><testcase classname="backend.tests.test_kirmes.TestEvents" name="test_get_event_by_id" time="0.105" /><testcase classname="backend.tests.test_kirmes.TestEvents" name="test_update_event" time="0.163" /><testcase classname="backend.tests.test_kirmes.TestEventRelease" name="test_release_event" time="0.169" /><testcase classname="backend.tests.test_kirmes.TestEventDelete" name="test_delete_entwurf_event" time="0.167" /><testcase classname="backend.tests.test_kirmes.TestEventDelete" name="test_cannot_delete_aktiv_event" time="0.163" /><testcase classname="backend.tests.test_kirmes.TestPublicAPI" name="test_public_events_list_only_released" time="0.052" /><testcase classname="backend.tests.test_kirmes.TestPublicAPI" name="test_connection_types_endpoint" time="0.052" /><testcase classname="backend.tests.test_kirmes.TestSchaustellerRegistration" name="test_register_schausteller" time="0.053" /><testcase classname="backend.tests.test_kirmes.TestSchaustellerRegistration" name="test_register_duplicate_email_fails" time="0.051" /><testcase classname="backend.tests.test_kirmes.TestSchaustellerRegistration" name="test_login_schausteller" time="0.050" /><testcase classname="backend.tests.test_kirmes.TestSchaustellerRegistration" name="test_login_nonexistent_email_fails" time="0.051" /><testcase classname="backend.tests.test_kirmes.TestPublicSignup" name="test_signup_for_event" time="0.271" /><testcase classname="backend.tests.test_kirmes.TestPublicSignup" name="test_signup_invalid_connection_type_fails" time="0.223" /><testcase classname="backend.tests.test_kirmes.TestPublicSignup" name="test_signup_duplicate_fails" time="0.282" /><testcase classname="backend.tests.test_kirmes.TestSchaustellerManagement" name="test_list_schausteller_requires_auth" time="0.108" /><testcase classname="backend.tests.test_kirmes.TestSchaustellerManagement" name="test_list_schausteller" time="0.056" /><testcase classname="backend.tests.test_kirmes.TestSchaustellerManagement" name="test_search_schausteller" time="0.052" /><testcase classname="backend.tests.test_kirmes.TestCleanup" name="test_cleanup_test_events" time="0.723" /></testsuite></testsuites>