<?xml version="1.0" encoding="utf-8"?><testsuites name="pytest tests"><testsuite name="pytest" errors="0" failures="0" skipped="0" tests="9" time="7.039" timestamp="2026-04-07T13:54:12.461353+00:00" hostname="agent-env-4516d677-f683-4e5e-ada0-66c8d0a82649"><testcase classname="backend.tests.test_crew_deep_iteration64.TestCrewDeepFetch" name="test_health_check" time="0.481" /><testcase classname="backend.tests.test_crew_deep_iteration64.TestCrewDeepFetch" name="test_get_crew_pk92" time="0.454" /><testcase classname="backend.tests.test_crew_deep_iteration64.TestCrewDeepFetch" name="test_get_crew_pk93" time="0.443" /><testcase classname="backend.tests.test_crew_deep_iteration64.TestCrewDeepFetch" name="test_get_crew_pk11_no_personal" time="0.444" /><testcase classname="backend.tests.test_crew_deep_iteration64.TestCrewDeepFetch" name="test_batch_crew_specific_orders" time="0.443" /><testcase classname="backend.tests.test_crew_deep_iteration64.TestCrewDeepFetch" name="test_order_detail_pk92" time="1.186" /><testcase classname="backend.tests.test_crew_deep_iteration64.TestCrewDeepFetch" name="test_order_detail_pk93" time="1.426" /><testcase classname="backend.tests.test_crew_deep_iteration64.TestCrewDeepFetch" name="test_order_detail_pk11" time="1.649" /><testcase classname="backend.tests.test_crew_deep_iteration64.TestCrewDataStructure" name="test_crew_item_fields" time="0.458" /></testsuite></testsuites>