<?xml version="1.0" encoding="utf-8"?><testsuites name="pytest tests"><testsuite name="pytest" errors="0" failures="0" skipped="0" tests="10" time="1.863" timestamp="2026-04-02T20:23:25.101665+00:00" hostname="agent-env-64d95f04-b593-475a-8b25-cfcbb52c9bac"><testcase classname="backend.tests.test_diagnostics_iteration51.TestDiagnosticsEndpoint" name="test_diagnostics_returns_10_measurements" time="0.571" /><testcase classname="backend.tests.test_diagnostics_iteration51.TestDiagnosticsEndpoint" name="test_diagnostics_contains_required_fields" time="0.159" /><testcase classname="backend.tests.test_diagnostics_iteration51.TestDiagnosticsEndpoint" name="test_diagnostics_sorted_by_timestamp_desc" time="0.132" /><testcase classname="backend.tests.test_diagnostics_iteration51.TestDiagnosticsEndpoint" name="test_diagnostics_response_time" time="0.120" /><testcase classname="backend.tests.test_diagnostics_iteration51.TestDiagnosticsEndpoint" name="test_diagnostics_invalid_device" time="0.123" /><testcase classname="backend.tests.test_diagnostics_iteration51.TestDiagnosticsEndpoint" name="test_diagnostics_invalid_meter" time="0.111" /><testcase classname="backend.tests.test_diagnostics_iteration51.TestDiagnosticsEndpoint" name="test_diagnostics_requires_auth" time="0.138" /><testcase classname="backend.tests.test_diagnostics_iteration51.TestQuickInfoMeterIdInclusion" name="test_quick_info_includes_meter_id" time="0.116" /><testcase classname="backend.tests.test_diagnostics_iteration51.TestQuickInfoMeterIdInclusion" name="test_quick_info_meter_id_matches_diagnostics" time="0.223" /><testcase classname="backend.tests.test_diagnostics_iteration51.TestDeviceManagementPage" name="test_devices_list_loads" time="0.107" /></testsuite></testsuites>