<?xml version="1.0" encoding="utf-8"?><testsuites name="pytest tests"><testsuite name="pytest" errors="0" failures="0" skipped="0" tests="10" time="5.581" timestamp="2026-03-06T10:48:25.083740+00:00" hostname="agent-env-26fabb68-137b-489a-9c37-37143c527ad1"><testcase classname="backend.tests.test_iteration14.TestIteration14" name="test_monitoring_stats_total_includes_virtual_generators" time="0.502" /><testcase classname="backend.tests.test_iteration14.TestIteration14" name="test_generators_list_includes_virtual_from_devices" time="0.437" /><testcase classname="backend.tests.test_iteration14.TestIteration14" name="test_parts_add_to_device" time="0.545" /><testcase classname="backend.tests.test_iteration14.TestIteration14" name="test_parts_list_shows_added_parts" time="0.528" /><testcase classname="backend.tests.test_iteration14.TestIteration14" name="test_parts_delete" time="0.723" /><testcase classname="backend.tests.test_iteration14.TestIteration14" name="test_create_service_plan_for_device_without_plan" time="0.638" /><testcase classname="backend.tests.test_iteration14.TestIteration14" name="test_maintenance_entry_with_both_months_and_hours" time="0.530" /><testcase classname="backend.tests.test_iteration14.TestIteration14" name="test_maintenance_entry_ats_tristate" time="0.547" /><testcase classname="backend.tests.test_iteration14.TestIteration14" name="test_maintenance_entry_diagnosis_tristate" time="0.542" /><testcase classname="backend.tests.test_iteration14.TestIteration14" name="test_get_part_types" time="0.475" /></testsuite></testsuites>