<?xml version="1.0" encoding="utf-8"?><testsuites name="pytest tests"><testsuite name="pytest" errors="0" failures="0" skipped="0" tests="18" time="5.549" timestamp="2026-03-21T14:21:19.914987+00:00" hostname="agent-env-abd24344-50b6-4a35-8323-cd92f18d3d20"><testcase classname="backend.tests.test_system_status_iteration45.TestSystemStatus" name="test_system_status_endpoint_returns_200" time="0.508" /><testcase classname="backend.tests.test_system_status_iteration45.TestSystemStatus" name="test_system_status_has_mongodb_field" time="0.431" /><testcase classname="backend.tests.test_system_status_iteration45.TestSystemStatus" name="test_system_status_has_users_count" time="0.404" /><testcase classname="backend.tests.test_system_status_iteration45.TestSystemStatus" name="test_system_status_has_devices_fields" time="0.390" /><testcase classname="backend.tests.test_system_status_iteration45.TestSystemStatus" name="test_system_status_has_generators_fields" time="0.384" /><testcase classname="backend.tests.test_system_status_iteration45.TestSystemStatus" name="test_system_status_has_recent_activity" time="0.377" /><testcase classname="backend.tests.test_system_status_iteration45.TestSystemStatus" name="test_system_status_has_timestamp" time="0.384" /><testcase classname="backend.tests.test_system_status_iteration45.TestSystemStatus" name="test_system_status_requires_admin" time="0.459" /><testcase classname="backend.tests.test_system_status_iteration45.TestDevicesWithLastSeen" name="test_devices_endpoint_returns_200" time="0.440" /><testcase classname="backend.tests.test_system_status_iteration45.TestDevicesWithLastSeen" name="test_devices_returns_list" time="0.363" /><testcase classname="backend.tests.test_system_status_iteration45.TestDevicesWithLastSeen" name="test_devices_have_required_fields" time="0.418" /><testcase classname="backend.tests.test_system_status_iteration45.TestDevicesWithLastSeen" name="test_stromerzeuger_devices_can_have_last_seen" time="0.384" /><testcase classname="backend.tests.test_system_status_iteration45.TestDevicesWithLastSeen" name="test_device_types_are_valid" time="0.363" /><testcase classname="backend.tests.test_system_status_iteration45.TestOnlineStatusLogic" name="test_online_status_logic_online" time="0.000" /><testcase classname="backend.tests.test_system_status_iteration45.TestOnlineStatusLogic" name="test_online_status_logic_idle" time="0.000" /><testcase classname="backend.tests.test_system_status_iteration45.TestOnlineStatusLogic" name="test_online_status_logic_offline" time="0.000" /><testcase classname="backend.tests.test_system_status_iteration45.TestOnlineStatusLogic" name="test_online_status_logic_unknown" time="0.000" /><testcase classname="backend.tests.test_system_status_iteration45.TestHealthCheck" name="test_health_endpoint" time="0.127" /></testsuite></testsuites>