<?xml version="1.0" encoding="utf-8"?><testsuites name="pytest tests"><testsuite name="pytest" errors="0" failures="0" skipped="0" tests="12" time="2.839" timestamp="2026-03-19T21:23:08.021761+00:00" hostname="agent-env-585f9e15-0d1d-464b-ab7a-b61ec6f8dce6"><testcase classname="backend.tests.test_tankbeleg_pi_iteration41.TestTankbelegPiDownloads" name="test_download_pi_bundle_returns_zip" time="0.178" /><testcase classname="backend.tests.test_tankbeleg_pi_iteration41.TestTankbelegPiDownloads" name="test_download_pi_script_returns_python_file" time="0.160" /><testcase classname="backend.tests.test_tankbeleg_pi_iteration41.TestTankbelegPiDownloads" name="test_download_pi_config_returns_config_file" time="0.169" /><testcase classname="backend.tests.test_tankbeleg_pi_iteration41.TestTankbelegPiDownloads" name="test_download_pi_service_returns_service_file" time="0.156" /><testcase classname="backend.tests.test_tankbeleg_pi_iteration41.TestTankbelegPiDownloads" name="test_download_pi_setup_returns_shell_script" time="0.121" /><testcase classname="backend.tests.test_tankbeleg_pi_iteration41.TestFuelReceiptsSyncEndpoint" name="test_sync_creates_receipts_without_auth" time="0.161" /><testcase classname="backend.tests.test_tankbeleg_pi_iteration41.TestFuelReceiptsSyncEndpoint" name="test_sync_deduplicates_by_pi_local_id" time="0.295" /><testcase classname="backend.tests.test_tankbeleg_pi_iteration41.TestFuelReceiptsSyncEndpoint" name="test_sync_with_multiple_receipts" time="0.125" /><testcase classname="backend.tests.test_tankbeleg_pi_iteration41.TestExistingFuelReceiptEndpoints" name="test_list_fuel_receipts_requires_auth" time="0.787" /><testcase classname="backend.tests.test_tankbeleg_pi_iteration41.TestExistingFuelReceiptEndpoints" name="test_create_fuel_receipt_requires_auth" time="0.219" /><testcase classname="backend.tests.test_tankbeleg_pi_iteration41.TestExistingFuelReceiptEndpoints" name="test_get_fuel_receipt_stats" time="0.157" /><testcase classname="backend.tests.test_tankbeleg_pi_iteration41.TestFuelReceiptsPage" name="test_fuel_receipts_route_does_not_exist" time="0.106" /></testsuite></testsuites>