<?xml version="1.0" encoding="utf-8"?><testsuites name="pytest tests"><testsuite name="pytest" errors="0" failures="0" skipped="0" tests="6" time="3.709" timestamp="2026-03-06T12:34:32.320246+00:00" hostname="agent-env-b7228f63-76f6-4183-b8ef-8559009a6f1e"><testcase classname="backend.tests.test_cascade_delete.TestServiceplanNoOrphans" name="test_list_serviceplan_returns_only_valid_plans" time="0.656" /><testcase classname="backend.tests.test_cascade_delete.TestServiceplanNoOrphans" name="test_serviceplan_count_matches_expectations" time="0.102" /><testcase classname="backend.tests.test_cascade_delete.TestCascadeDelete" name="test_full_cascade_delete_flow" time="0.971" /><testcase classname="backend.tests.test_cascade_delete.TestCascadeDeleteMultipleEntries" name="test_cascade_delete_with_multiple_entries" time="0.808" /><testcase classname="backend.tests.test_cascade_delete.TestDeleteDeviceWithoutPlan" name="test_delete_device_without_serviceplan" time="0.411" /><testcase classname="backend.tests.test_cascade_delete.TestPlanCountIntegrity" name="test_plan_count_after_cascade_delete" time="0.657" /></testsuite></testsuites>