<?xml version="1.0" encoding="utf-8"?><testsuites name="pytest tests"><testsuite name="pytest" errors="0" failures="0" skipped="0" tests="12" time="6.521" timestamp="2026-03-19T21:54:32.883037+00:00" hostname="agent-env-585f9e15-0d1d-464b-ab7a-b61ec6f8dce6"><testcase classname="backend.tests.test_serviceplan_pdf_upload_iteration43.TestServiceplanPDFUpload" name="test_upload_pdf_file_success" time="1.107" /><testcase classname="backend.tests.test_serviceplan_pdf_upload_iteration43.TestServiceplanPDFUpload" name="test_upload_jpeg_image_still_works" time="0.123" /><testcase classname="backend.tests.test_serviceplan_pdf_upload_iteration43.TestServiceplanPDFUpload" name="test_upload_png_image_still_works" time="0.117" /><testcase classname="backend.tests.test_serviceplan_pdf_upload_iteration43.TestServiceplanPDFUpload" name="test_file_size_limit_25mb" time="1.192" /><testcase classname="backend.tests.test_serviceplan_pdf_upload_iteration43.TestServiceplanPDFUpload" name="test_get_pdf_returns_correct_content_type" time="0.211" /><testcase classname="backend.tests.test_serviceplan_pdf_upload_iteration43.TestServiceplanPDFUpload" name="test_attachments_metadata_stored_on_entry" time="0.284" /><testcase classname="backend.tests.test_serviceplan_pdf_upload_iteration43.TestServiceplanPDFUpload" name="test_images_array_backward_compat" time="0.110" /><testcase classname="backend.tests.test_serviceplan_pdf_upload_iteration43.TestServiceplanCRUDRegression" name="test_list_service_plans" time="0.498" /><testcase classname="backend.tests.test_serviceplan_pdf_upload_iteration43.TestServiceplanCRUDRegression" name="test_get_service_plan_detail" time="1.384" /><testcase classname="backend.tests.test_serviceplan_pdf_upload_iteration43.TestServiceplanCRUDRegression" name="test_create_maintenance_entry" time="0.251" /><testcase classname="backend.tests.test_serviceplan_pdf_upload_iteration43.TestMesskofferKirmeskisteReducedPlan" name="test_get_devices_includes_messkoffer_kirmeskiste" time="0.477" /><testcase classname="backend.tests.test_serviceplan_pdf_upload_iteration43.TestListEntryImages" name="test_list_entry_images_endpoint" time="0.688" /></testsuite></testsuites>