<?xml version="1.0" encoding="utf-8"?><testsuites name="pytest tests"><testsuite name="pytest" errors="0" failures="0" skipped="0" tests="21" time="5.479" timestamp="2026-04-04T16:20:27.823998+00:00" hostname="agent-env-84f5c44c-13f8-4f0c-a183-92a1be97cd96"><testcase classname="backend.tests.test_documents_api.TestDocumentFolders" name="test_get_folders_returns_7_predefined_folders" time="0.154" /><testcase classname="backend.tests.test_documents_api.TestDocumentFolders" name="test_folders_have_required_fields" time="0.100" /><testcase classname="backend.tests.test_documents_api.TestDocumentList" name="test_list_all_documents" time="0.110" /><testcase classname="backend.tests.test_documents_api.TestDocumentList" name="test_list_documents_by_folder" time="0.192" /><testcase classname="backend.tests.test_documents_api.TestDocumentList" name="test_list_documents_pagination" time="0.143" /><testcase classname="backend.tests.test_documents_api.TestDocumentSearch" name="test_search_by_sender" time="0.111" /><testcase classname="backend.tests.test_documents_api.TestDocumentSearch" name="test_search_by_iban" time="0.104" /><testcase classname="backend.tests.test_documents_api.TestDocumentSearch" name="test_search_by_reference" time="0.109" /><testcase classname="backend.tests.test_documents_api.TestDocumentSearch" name="test_search_requires_query" time="0.109" /><testcase classname="backend.tests.test_documents_api.TestDocumentSearch" name="test_search_minimum_length" time="0.118" /><testcase classname="backend.tests.test_documents_api.TestDocumentDetail" name="test_get_existing_document" time="0.267" /><testcase classname="backend.tests.test_documents_api.TestDocumentDetail" name="test_get_nonexistent_document" time="0.126" /><testcase classname="backend.tests.test_documents_api.TestDocumentUpload" name="test_upload_invalid_file_type" time="0.105" /><testcase classname="backend.tests.test_documents_api.TestDocumentUpload" name="test_upload_valid_image" time="2.062" /><testcase classname="backend.tests.test_documents_api.TestDocumentUpload" name="test_cleanup_uploaded_document" time="0.108" /><testcase classname="backend.tests.test_documents_api.TestDocumentMove" name="test_move_document_to_valid_folder" time="0.331" /><testcase classname="backend.tests.test_documents_api.TestDocumentMove" name="test_move_document_to_invalid_folder" time="0.223" /><testcase classname="backend.tests.test_documents_api.TestDocumentMove" name="test_move_nonexistent_document" time="0.130" /><testcase classname="backend.tests.test_documents_api.TestDocumentDelete" name="test_delete_nonexistent_document" time="0.113" /><testcase classname="backend.tests.test_documents_api.TestDocumentFile" name="test_download_existing_document_file" time="0.559" /><testcase classname="backend.tests.test_documents_api.TestDocumentFile" name="test_download_nonexistent_document_file" time="0.121" /></testsuite></testsuites>