<?xml version="1.0" encoding="utf-8"?><testsuites name="pytest tests"><testsuite name="pytest" errors="0" failures="0" skipped="0" tests="10" time="1.864" timestamp="2026-03-06T12:10:11.368870+00:00" hostname="agent-env-26fabb68-137b-489a-9c37-37143c527ad1"><testcase classname="backend.tests.test_iteration18.TestCopyDeviceImageGridfsId" name="test_copy_device_returns_200" time="0.496" /><testcase classname="backend.tests.test_iteration18.TestCopyDeviceImageGridfsId" name="test_copy_device_image_gridfs_id_is_string" time="0.209" /><testcase classname="backend.tests.test_iteration18.TestCopyDeviceImageGridfsId" name="test_copy_device_copies_image_reference" time="0.319" /><testcase classname="backend.tests.test_iteration18.TestDocumentDownloadAuth" name="test_download_document_with_auth_returns_200" time="0.101" /><testcase classname="backend.tests.test_iteration18.TestDocumentDownloadAuth" name="test_download_document_without_auth_returns_403" time="0.102" /><testcase classname="backend.tests.test_iteration18.TestDocumentDownloadAuth" name="test_download_document_returns_correct_content_type" time="0.102" /><testcase classname="backend.tests.test_iteration18.TestServicePlanEndpoints" name="test_list_serviceplans_returns_200" time="0.124" /><testcase classname="backend.tests.test_iteration18.TestServicePlanEndpoints" name="test_serviceplan_has_required_fields" time="0.121" /><testcase classname="backend.tests.test_iteration18.TestDevicePartsEndpoint" name="test_get_device_parts" time="0.122" /><testcase classname="backend.tests.test_iteration18.TestDeviceImageEndpoint" name="test_device_image_endpoint_no_auth" time="0.109" /></testsuite></testsuites>