<?xml version="1.0" encoding="utf-8"?><testsuites name="pytest tests"><testsuite name="pytest" errors="0" failures="0" skipped="0" tests="19" time="14.389" timestamp="2026-03-05T23:23:14.774167+00:00" hostname="agent-env-4d41eb9c-fa69-47f3-9840-b1e4351e6756"><testcase classname="backend.tests.test_generator_monitoring.TestAuth" name="test_admin_login" time="0.490" /><testcase classname="backend.tests.test_generator_monitoring.TestGeneratorStats" name="test_get_stats_overview" time="0.662" /><testcase classname="backend.tests.test_generator_monitoring.TestGeneratorList" name="test_list_generators" time="0.537" /><testcase classname="backend.tests.test_generator_monitoring.TestGeneratorList" name="test_list_generators_without_auth" time="0.452" /><testcase classname="backend.tests.test_generator_monitoring.TestGeneratorDetail" name="test_get_generator_detail" time="0.588" /><testcase classname="backend.tests.test_generator_monitoring.TestGeneratorDetail" name="test_get_nonexistent_generator" time="0.626" /><testcase classname="backend.tests.test_generator_monitoring.TestGeneratorCRUD" name="test_create_generator" time="0.578" /><testcase classname="backend.tests.test_generator_monitoring.TestGeneratorCRUD" name="test_create_duplicate_serial" time="0.591" /><testcase classname="backend.tests.test_generator_monitoring.TestGeneratorCRUD" name="test_update_generator" time="0.677" /><testcase classname="backend.tests.test_generator_monitoring.TestGeneratorCRUD" name="test_delete_generator" time="0.669" /><testcase classname="backend.tests.test_generator_monitoring.TestTelemetryIngestion" name="test_ingest_telemetry_valid_api_key" time="0.695" /><testcase classname="backend.tests.test_generator_monitoring.TestTelemetryIngestion" name="test_ingest_telemetry_invalid_api_key" time="0.549" /><testcase classname="backend.tests.test_generator_monitoring.TestTelemetryIngestion" name="test_ingest_telemetry_with_alarms" time="0.708" /><testcase classname="backend.tests.test_generator_monitoring.TestTelemetryQuery" name="test_get_telemetry_history" time="0.633" /><testcase classname="backend.tests.test_generator_monitoring.TestAlarms" name="test_get_alarms" time="0.548" /><testcase classname="backend.tests.test_generator_monitoring.TestSimulateData" name="test_simulate_data" time="0.502" /><testcase classname="backend.tests.test_generator_monitoring.TestAuthorizationNonAdmin" name="test_kunde_cannot_create_generator" time="1.253" /><testcase classname="backend.tests.test_generator_monitoring.TestAuthorizationNonAdmin" name="test_kunde_cannot_delete_generator" time="1.389" /><testcase classname="backend.tests.test_generator_monitoring.TestAuthorizationNonAdmin" name="test_kunde_can_list_generators" time="2.101" /></testsuite></testsuites>