<?xml version="1.0" encoding="utf-8"?><testsuites name="pytest tests"><testsuite name="pytest" errors="0" failures="0" skipped="0" tests="10" time="4.432" timestamp="2026-03-06T09:48:35.837109+00:00" hostname="agent-env-01f03ecc-e26d-423b-8fa8-56d0be12c32a"><testcase classname="backend.tests.test_serviceplan_iteration12.TestMaintenanceEntryNewFields" name="test_create_entry_with_checklist_data" time="1.131" /><testcase classname="backend.tests.test_serviceplan_iteration12.TestMaintenanceEntryNewFields" name="test_next_maintenance_months_calculation" time="0.211" /><testcase classname="backend.tests.test_serviceplan_iteration12.TestMaintenanceEntryNewFields" name="test_next_maintenance_hours_calculation" time="0.217" /><testcase classname="backend.tests.test_serviceplan_iteration12.TestMaintenanceEntryNewFields" name="test_get_plan_with_entries_shows_checklist_data" time="0.132" /><testcase classname="backend.tests.test_serviceplan_iteration12.TestMaintenanceEntryNewFields" name="test_mitarbeiter_can_create_entry_with_new_fields" time="0.793" /><testcase classname="backend.tests.test_serviceplan_iteration12.TestMaintenanceWarnings" name="test_generators_endpoint_returns_maintenance_warning" time="0.455" /><testcase classname="backend.tests.test_serviceplan_iteration12.TestMaintenanceWarnings" name="test_maintenance_warning_days_threshold" time="0.143" /><testcase classname="backend.tests.test_serviceplan_iteration12.TestServiceplanPageUIElements" name="test_serviceplan_list_endpoint" time="0.435" /><testcase classname="backend.tests.test_serviceplan_iteration12.TestServiceplanPageUIElements" name="test_serviceplan_detail_returns_entries_with_new_fields" time="0.210" /><testcase classname="backend.tests.test_serviceplan_iteration12.TestNoHeaderButtonValidation" name="test_serviceplan_api_endpoints_exist" time="0.634" /></testsuite></testsuites>