<?xml version="1.0" encoding="utf-8"?><testsuites name="pytest tests"><testsuite name="pytest" errors="0" failures="0" skipped="0" tests="23" time="7.440" timestamp="2026-03-08T14:59:26.116082+00:00" hostname="agent-env-019efcf7-9aa4-4fa9-9457-f4a554044eef"><testcase classname="backend.tests.test_kirmes_invoice.TestInvoiceList" name="test_list_invoices_requires_auth" time="0.236" /><testcase classname="backend.tests.test_kirmes_invoice.TestInvoiceList" name="test_list_invoices" time="0.402" /><testcase classname="backend.tests.test_kirmes_invoice.TestInvoiceList" name="test_search_invoices_by_number" time="0.058" /><testcase classname="backend.tests.test_kirmes_invoice.TestInvoiceList" name="test_search_invoices_by_company_name" time="0.053" /><testcase classname="backend.tests.test_kirmes_invoice.TestInvoiceList" name="test_search_invoices_by_event_name" time="0.059" /><testcase classname="backend.tests.test_kirmes_invoice.TestInvoiceDetail" name="test_get_invoice_by_id" time="0.104" /><testcase classname="backend.tests.test_kirmes_invoice.TestInvoiceDetail" name="test_get_invoice_by_id_not_found" time="0.051" /><testcase classname="backend.tests.test_kirmes_invoice.TestInvoiceDetail" name="test_invoice_line_items_structure" time="0.102" /><testcase classname="backend.tests.test_kirmes_invoice.TestInvoiceNumberAutoIncrement" name="test_invoice_number_format" time="0.052" /><testcase classname="backend.tests.test_kirmes_invoice.TestInvoiceNumberAutoIncrement" name="test_invoice_numbers_are_unique" time="0.049" /><testcase classname="backend.tests.test_kirmes_invoice.TestInvoicePDF" name="test_download_invoice_pdf" time="0.167" /><testcase classname="backend.tests.test_kirmes_invoice.TestInvoicePDF" name="test_download_invoice_pdf_not_found" time="0.049" /><testcase classname="backend.tests.test_kirmes_invoice.TestGenerateSingleInvoice" name="test_generate_invoice_requires_auth" time="0.155" /><testcase classname="backend.tests.test_kirmes_invoice.TestGenerateSingleInvoice" name="test_generate_invoice_signup_not_found" time="0.051" /><testcase classname="backend.tests.test_kirmes_invoice.TestGenerateSingleInvoice" name="test_generate_invoice_duplicate_prevention" time="0.155" /><testcase classname="backend.tests.test_kirmes_invoice.TestBatchInvoiceGeneration" name="test_batch_generate_requires_auth" time="0.109" /><testcase classname="backend.tests.test_kirmes_invoice.TestBatchInvoiceGeneration" name="test_batch_generate_event_not_found" time="0.054" /><testcase classname="backend.tests.test_kirmes_invoice.TestBatchInvoiceGeneration" name="test_batch_generate_skips_existing_invoices" time="0.117" /><testcase classname="backend.tests.test_kirmes_invoice.TestInvoiceCalculation" name="test_invoice_mwst_calculation" time="0.111" /><testcase classname="backend.tests.test_kirmes_invoice.TestInvoiceSendEmail" name="test_send_invoice_requires_auth" time="0.107" /><testcase classname="backend.tests.test_kirmes_invoice.TestInvoiceSendEmail" name="test_send_invoice_not_found" time="0.066" /><testcase classname="backend.tests.test_kirmes_invoice.TestInvoiceFullFlow" name="test_full_invoice_flow" time="4.987" /><testcase classname="backend.tests.test_kirmes_invoice.TestCleanup" name="test_cleanup_test_events" time="0.051" /></testsuite></testsuites>