<?xml version="1.0" encoding="utf-8"?><testsuites name="pytest tests"><testsuite name="pytest" errors="0" failures="0" skipped="0" tests="11" time="2.227" timestamp="2026-03-06T12:02:18.868687+00:00" hostname="agent-env-26fabb68-137b-489a-9c37-37143c527ad1"><testcase classname="backend.tests.test_iteration17.TestDocumentDownloadEndpoint" name="test_download_document_success" time="0.460" /><testcase classname="backend.tests.test_iteration17.TestDocumentDownloadEndpoint" name="test_download_document_not_found" time="0.110" /><testcase classname="backend.tests.test_iteration17.TestDocumentDownloadEndpoint" name="test_download_document_wrong_device" time="0.102" /><testcase classname="backend.tests.test_iteration17.TestDocumentDownloadEndpoint" name="test_download_document_unauthorized" time="0.111" /><testcase classname="backend.tests.test_iteration17.TestDeviceParts" name="test_list_device_parts" time="0.104" /><testcase classname="backend.tests.test_iteration17.TestDeviceDocuments" name="test_list_device_documents" time="0.105" /><testcase classname="backend.tests.test_iteration17.TestServicePlanAutoCreate" name="test_create_serviceplan_auto" time="0.393" /><testcase classname="backend.tests.test_iteration17.TestServicePlanAutoCreate" name="test_serviceplan_has_default_values" time="0.113" /><testcase classname="backend.tests.test_iteration17.TestDeviceUpdate" name="test_update_device_success" time="0.220" /><testcase classname="backend.tests.test_iteration17.TestHealthCheck" name="test_api_accessible" time="0.117" /><testcase classname="backend.tests.test_iteration17.TestHealthCheck" name="test_login_works" time="0.332" /></testsuite></testsuites>