<?xml version="1.0" encoding="utf-8"?><testsuites name="pytest tests"><testsuite name="pytest" errors="0" failures="0" skipped="0" tests="15" time="3.218" timestamp="2026-03-08T19:20:05.741614+00:00" hostname="agent-env-e7690eb6-c586-44b6-935d-7699aa59a7fc"><testcase classname="backend.tests.test_kirmes_documents.TestDocumentUpload" name="test_upload_pdf_document" time="0.624" /><testcase classname="backend.tests.test_kirmes_documents.TestDocumentUpload" name="test_upload_jpg_image" time="0.141" /><testcase classname="backend.tests.test_kirmes_documents.TestDocumentUpload" name="test_upload_png_image" time="0.118" /><testcase classname="backend.tests.test_kirmes_documents.TestDocumentUpload" name="test_reject_unsupported_file_type" time="0.107" /><testcase classname="backend.tests.test_kirmes_documents.TestDocumentUpload" name="test_reject_executable_file" time="0.114" /><testcase classname="backend.tests.test_kirmes_documents.TestDocumentUpload" name="test_upload_to_nonexistent_event" time="0.112" /><testcase classname="backend.tests.test_kirmes_documents.TestListDocuments" name="test_list_documents_success" time="0.117" /><testcase classname="backend.tests.test_kirmes_documents.TestListDocuments" name="test_list_documents_unauthorized" time="0.141" /><testcase classname="backend.tests.test_kirmes_documents.TestDownloadDocument" name="test_download_pdf_document" time="0.247" /><testcase classname="backend.tests.test_kirmes_documents.TestDownloadDocument" name="test_download_image_document" time="0.256" /><testcase classname="backend.tests.test_kirmes_documents.TestDownloadDocument" name="test_download_nonexistent_document" time="0.163" /><testcase classname="backend.tests.test_kirmes_documents.TestDeleteDocument" name="test_delete_document_success" time="0.345" /><testcase classname="backend.tests.test_kirmes_documents.TestDeleteDocument" name="test_delete_nonexistent_document" time="0.110" /><testcase classname="backend.tests.test_kirmes_documents.TestDeleteDocument" name="test_delete_unauthorized" time="0.150" /><testcase classname="backend.tests.test_kirmes_documents.TestCleanup" name="test_cleanup_uploaded_documents" time="0.388" /></testsuite></testsuites>