<?xml version="1.0" encoding="utf-8"?><testsuites name="pytest tests"><testsuite name="pytest" errors="0" failures="1" skipped="0" tests="30" time="9.855" timestamp="2026-03-19T19:32:39.456414+00:00" hostname="agent-env-8c0dbb7c-9cf0-4d59-8894-daebff8bcdd6"><testcase classname="backend.tests.test_fuel_receipts.TestFuelReceiptsAPI" name="test_health_endpoint" time="0.242" /><testcase classname="backend.tests.test_fuel_receipts.TestFuelReceiptsAPI" name="test_login_admin" time="0.352" /><testcase classname="backend.tests.test_fuel_receipts.TestFuelReceiptsAPI" name="test_list_fuel_receipts_unauthenticated" time="0.118" /><testcase classname="backend.tests.test_fuel_receipts.TestFuelReceiptsAPI" name="test_list_fuel_receipts_authenticated" time="0.121" /><testcase classname="backend.tests.test_fuel_receipts.TestFuelReceiptsAPI" name="test_list_fuel_receipts_filter_by_status" time="0.112" /><testcase classname="backend.tests.test_fuel_receipts.TestFuelReceiptsAPI" name="test_list_fuel_receipts_filter_by_fuel_type" time="0.128" /><testcase classname="backend.tests.test_fuel_receipts.TestFuelReceiptsAPI" name="test_get_fuel_receipt_stats_unauthenticated" time="0.116" /><testcase classname="backend.tests.test_fuel_receipts.TestFuelReceiptsAPI" name="test_get_fuel_receipt_stats_authenticated" time="0.111" /><testcase classname="backend.tests.test_fuel_receipts.TestFuelReceiptsAPI" name="test_create_fuel_receipt_unauthenticated" time="0.126" /><testcase classname="backend.tests.test_fuel_receipts.TestFuelReceiptsAPI" name="test_create_fuel_receipt_valid_diesel" time="0.276" /><testcase classname="backend.tests.test_fuel_receipts.TestFuelReceiptsAPI" name="test_create_fuel_receipt_valid_hvo" time="0.220" /><testcase classname="backend.tests.test_fuel_receipts.TestFuelReceiptsAPI" name="test_create_fuel_receipt_valid_heizoel" time="0.242" /><testcase classname="backend.tests.test_fuel_receipts.TestFuelReceiptsAPI" name="test_create_fuel_receipt_invalid_fuel_type" time="0.104" /><testcase classname="backend.tests.test_fuel_receipts.TestFuelReceiptsAPI" name="test_get_single_receipt" time="0.226" /><testcase classname="backend.tests.test_fuel_receipts.TestFuelReceiptsAPI" name="test_get_single_receipt_not_found" time="0.114" /><testcase classname="backend.tests.test_fuel_receipts.TestFuelReceiptsAPI" name="test_update_fuel_receipt" time="0.261" /><testcase classname="backend.tests.test_fuel_receipts.TestFuelReceiptsAPI" name="test_update_fuel_receipt_change_fuel_type" time="0.297" /><testcase classname="backend.tests.test_fuel_receipts.TestFuelReceiptsAPI" name="test_update_fuel_receipt_not_found" time="0.169" /><testcase classname="backend.tests.test_fuel_receipts.TestFuelReceiptsAPI" name="test_confirm_fuel_receipt" time="0.493" /><testcase classname="backend.tests.test_fuel_receipts.TestFuelReceiptsAPI" name="test_confirm_nonexistent_receipt" time="0.135" /><testcase classname="backend.tests.test_fuel_receipts.TestFuelReceiptsAPI" name="test_reject_fuel_receipt" time="2.595" /><testcase classname="backend.tests.test_fuel_receipts.TestFuelReceiptsAPI" name="test_delete_fuel_receipt" time="0.330" /><testcase classname="backend.tests.test_fuel_receipts.TestFuelReceiptsAPI" name="test_delete_nonexistent_receipt" time="0.121" /><testcase classname="backend.tests.test_fuel_receipts.TestFuelReceiptsAPI" name="test_pdf_export_with_token_query_param" time="0.141" /><testcase classname="backend.tests.test_fuel_receipts.TestFuelReceiptsAPI" name="test_pdf_export_with_bearer_header" time="0.112" /><testcase classname="backend.tests.test_fuel_receipts.TestFuelReceiptsAPI" name="test_pdf_export_unauthorized" time="0.106" /><testcase classname="backend.tests.test_fuel_receipts.TestFuelReceiptsAPI" name="test_pdf_export_nonexistent_receipt" time="0.147" /><testcase classname="backend.tests.test_fuel_receipts.TestFuelReceiptsAPI" name="test_sync_endpoint_no_auth_required" time="0.697" /><testcase classname="backend.tests.test_fuel_receipts.TestFuelReceiptsAPI" name="test_sync_endpoint_dedup" time="0.965" /><testcase classname="backend.tests.test_fuel_receipts.TestOrdersForReceiptDropdown" name="test_orders_endpoint_exists" time="0.444"><failure message="AssertionError: Orders endpoint failed: 404 {&quot;detail&quot;:&quot;Not Found&quot;}&#10;assert 404 == 200&#10; +  where 404 = &lt;Response [404]&gt;.status_code">backend/tests/test_fuel_receipts.py:443: in test_orders_endpoint_exists
    assert response.status_code == 200, f"Orders endpoint failed: {response.status_code} {response.text}"
E   AssertionError: Orders endpoint failed: 404 {"detail":"Not Found"}
E   assert 404 == 200
E    +  where 404 = &lt;Response [404]&gt;.status_code</failure></testcase></testsuite></testsuites>