<?xml version="1.0" encoding="utf-8"?><testsuites name="pytest tests"><testsuite name="pytest" errors="0" failures="0" skipped="2" tests="16" time="5.247" timestamp="2026-03-06T06:45:18.439323+00:00" hostname="agent-env-01f03ecc-e26d-423b-8fa8-56d0be12c32a"><testcase classname="backend.tests.test_serviceplan_iteration10.TestServiceplanFeatures" name="test_p0_mitarbeiter_can_list_devices" time="0.599" /><testcase classname="backend.tests.test_serviceplan_iteration10.TestServiceplanFeatures" name="test_p0_mitarbeiter_can_get_single_device" time="0.235" /><testcase classname="backend.tests.test_serviceplan_iteration10.TestServiceplanFeatures" name="test_p0_mitarbeiter_cannot_create_device" time="0.098" /><testcase classname="backend.tests.test_serviceplan_iteration10.TestServiceplanFeatures" name="test_p0_mitarbeiter_can_toggle_status" time="0.677" /><testcase classname="backend.tests.test_serviceplan_iteration10.TestServiceplanFeatures" name="test_p0_kunde_cannot_access_devices" time="0.335"><skipped type="pytest.skip" message="Kunde login failed - ensure user kunde@test.com exists">/app/backend/tests/test_serviceplan_iteration10.py:113: Kunde login failed - ensure user kunde@test.com exists</skipped></testcase><testcase classname="backend.tests.test_serviceplan_iteration10.TestServiceplanFeatures" name="test_p1_setup_ausser_betrieb_device" time="0.113" /><testcase classname="backend.tests.test_serviceplan_iteration10.TestServiceplanFeatures" name="test_p1_ausser_betrieb_hides_generator" time="0.691" /><testcase classname="backend.tests.test_serviceplan_iteration10.TestServiceplanFeatures" name="test_p3a_serviceplan_list" time="0.106" /><testcase classname="backend.tests.test_serviceplan_iteration10.TestServiceplanFeatures" name="test_p3a_serviceplan_create" time="0.346" /><testcase classname="backend.tests.test_serviceplan_iteration10.TestServiceplanFeatures" name="test_p3a_serviceplan_duplicate_rejected" time="0.208" /><testcase classname="backend.tests.test_serviceplan_iteration10.TestServiceplanFeatures" name="test_p3a_serviceplan_get_detail" time="0.221" /><testcase classname="backend.tests.test_serviceplan_iteration10.TestServiceplanFeatures" name="test_p3b_add_maintenance_entry" time="0.220" /><testcase classname="backend.tests.test_serviceplan_iteration10.TestServiceplanFeatures" name="test_p3b_entry_has_required_fields" time="0.205" /><testcase classname="backend.tests.test_serviceplan_iteration10.TestServiceplanFeatures" name="test_p3b_delete_entry_admin_only" time="0.319" /><testcase classname="backend.tests.test_serviceplan_iteration10.TestServiceplanFeatures" name="test_p4_maintenance_warning_flag" time="0.441" /><testcase classname="backend.tests.test_serviceplan_iteration10.TestServiceplanAuth" name="test_kunde_cannot_access_serviceplan" time="0.329"><skipped type="pytest.skip" message="Kunde login failed">/app/backend/tests/test_serviceplan_iteration10.py:464: Kunde login failed</skipped></testcase></testsuite></testsuites>