<?xml version="1.0" encoding="utf-8"?><testsuites name="pytest tests"><testsuite name="pytest" errors="1" failures="0" skipped="0" tests="10" time="2.435" timestamp="2026-03-06T10:23:52.627338+00:00" hostname="agent-env-01f03ecc-e26d-423b-8fa8-56d0be12c32a"><testcase classname="backend.tests.test_iteration13.TestDeviceFormRedesign" name="test_create_device_with_acquired_date_and_portal_link" time="0.527" /><testcase classname="backend.tests.test_iteration13.TestDeviceFormRedesign" name="test_update_device_acquired_date_and_portal_link" time="0.000"><error message="failed on setup with &quot;file /app/backend/tests/test_iteration13.py, line 68&#10;      def test_update_device_acquired_date_and_portal_link(self, auth_headers, test_create_device_with_acquired_date_and_portal_link):&#10;E       fixture 'test_create_device_with_acquired_date_and_portal_link' not found&#10;&gt;       available fixtures: anyio_backend, anyio_backend_name, anyio_backend_options, auth_headers, auth_token, cache, capfd, capfdbinary, caplog, capsys, capsysbinary, capteesys, doctest_namespace, free_tcp_port, free_tcp_port_factory, free_udp_port, free_udp_port_factory, monkeypatch, pytestconfig, record_property, record_testsuite_property, record_xml_attribute, recwarn, subtests, tmp_path, tmp_path_factory, tmpdir, tmpdir_factory&#10;&gt;       use 'pytest --fixtures [testpath]' for help on them.&#10;&#10;/app/backend/tests/test_iteration13.py:68&quot;">file /app/backend/tests/test_iteration13.py, line 68
      def test_update_device_acquired_date_and_portal_link(self, auth_headers, test_create_device_with_acquired_date_and_portal_link):
E       fixture 'test_create_device_with_acquired_date_and_portal_link' not found
&gt;       available fixtures: anyio_backend, anyio_backend_name, anyio_backend_options, auth_headers, auth_token, cache, capfd, capfdbinary, caplog, capsys, capsysbinary, capteesys, doctest_namespace, free_tcp_port, free_tcp_port_factory, free_udp_port, free_udp_port_factory, monkeypatch, pytestconfig, record_property, record_testsuite_property, record_xml_attribute, recwarn, subtests, tmp_path, tmp_path_factory, tmpdir, tmpdir_factory
&gt;       use 'pytest --fixtures [testpath]' for help on them.

/app/backend/tests/test_iteration13.py:68</error></testcase><testcase classname="backend.tests.test_iteration13.TestDeviceFormRedesign" name="test_get_device_returns_new_fields" time="0.240" /><testcase classname="backend.tests.test_iteration13.TestGeneratorMonitoringDeviceIntegration" name="test_generators_include_stromerzeuger_devices" time="0.587" /><testcase classname="backend.tests.test_iteration13.TestGeneratorMonitoringDeviceIntegration" name="test_generators_include_lichtmast_devices" time="0.107" /><testcase classname="backend.tests.test_iteration13.TestGeneratorMonitoringDeviceIntegration" name="test_ausser_betrieb_devices_not_in_monitoring" time="0.247" /><testcase classname="backend.tests.test_iteration13.TestGeneratorMonitoringDeviceIntegration" name="test_generator_from_device_has_correct_id_format" time="0.123" /><testcase classname="backend.tests.test_iteration13.TestServiceplanFilterCards" name="test_serviceplan_list_returns_plan_status_info" time="0.431" /><testcase classname="backend.tests.test_iteration13.TestServiceplanFilterCards" name="test_serviceplan_status_categories" time="0.108" /><testcase classname="backend.tests.test_iteration13.TestEmailSSLPort" name="test_email_service_uses_smtp_ssl" time="0.000" /></testsuite></testsuites>