<?xml version="1.0" encoding="utf-8"?><testsuites name="pytest tests"><testsuite name="pytest" errors="0" failures="1" skipped="0" tests="21" time="3.660" timestamp="2026-03-25T16:59:01.450943+00:00" hostname="agent-env-6c7a983f-6c56-4759-9f4d-0a917f1b60d4"><testcase classname="backend.tests.test_dse5510_features.TestDSE5510IngestEndpoint" name="test_ingest_with_valid_device_key" time="0.663" /><testcase classname="backend.tests.test_dse5510_features.TestDSE5510IngestEndpoint" name="test_ingest_with_invalid_device_key" time="0.121" /><testcase classname="backend.tests.test_dse5510_features.TestDSE5510IngestEndpoint" name="test_ingest_with_nonexistent_device" time="0.120" /><testcase classname="backend.tests.test_dse5510_features.TestDSE5510IngestEndpoint" name="test_ingest_returns_pending_commands" time="0.294" /><testcase classname="backend.tests.test_dse5510_features.TestDSE5510ControlCommands" name="test_control_start_command" time="0.116" /><testcase classname="backend.tests.test_dse5510_features.TestDSE5510ControlCommands" name="test_control_stop_command" time="0.117" /><testcase classname="backend.tests.test_dse5510_features.TestDSE5510ControlCommands" name="test_control_auto_on_command" time="0.150" /><testcase classname="backend.tests.test_dse5510_features.TestDSE5510ControlCommands" name="test_control_gen_switch_on_command" time="0.197" /><testcase classname="backend.tests.test_dse5510_features.TestDSE5510ControlCommands" name="test_control_gen_switch_off_command" time="0.115" /><testcase classname="backend.tests.test_dse5510_features.TestDSE5510ControlCommands" name="test_control_invalid_command" time="0.121" /><testcase classname="backend.tests.test_dse5510_features.TestDSE5510ControlCommands" name="test_control_requires_auth" time="0.111" /><testcase classname="backend.tests.test_dse5510_features.TestDSE5510SetupScript" name="test_generate_dse5510_setup_script" time="0.106" /><testcase classname="backend.tests.test_dse5510_features.TestDSE5510SetupScript" name="test_download_setup_script" time="0.215" /><testcase classname="backend.tests.test_dse5510_features.TestDSE5510SetupScript" name="test_setup_script_requires_admin" time="0.112" /><testcase classname="backend.tests.test_dse5510_features.TestTelemetryNormalization" name="test_telemetry_normalization_in_generator_detail" time="0.106"><failure message="AssertionError: Ingest failed: 403&#10;assert 403 == 200&#10; +  where 403 = &lt;Response [403]&gt;.status_code">backend/tests/test_dse5510_features.py:344: in test_telemetry_normalization_in_generator_detail
    assert ingest_resp.status_code == 200, f"Ingest failed: {ingest_resp.status_code}"
E   AssertionError: Ingest failed: 403
E   assert 403 == 200
E    +  where 403 = &lt;Response [403]&gt;.status_code</failure></testcase><testcase classname="backend.tests.test_dse5510_features.TestTelemetryNormalization" name="test_telemetry_normalization_in_list" time="0.151" /><testcase classname="backend.tests.test_dse5510_features.TestPiCommandEndpoint" name="test_pi_command_endpoint" time="0.107" /><testcase classname="backend.tests.test_dse5510_features.TestPiCommandEndpoint" name="test_pi_command_gen_switch_on" time="0.101" /><testcase classname="backend.tests.test_dse5510_features.TestPiCommandEndpoint" name="test_pi_command_gen_switch_off" time="0.125" /><testcase classname="backend.tests.test_dse5510_features.TestPiCommandEndpoint" name="test_pi_command_invalid" time="0.184" /><testcase classname="backend.tests.test_dse5510_features.TestDeviceControllerDropdown" name="test_device_has_dse5510_controller" time="0.113" /></testsuite></testsuites>