<?xml version="1.0" encoding="utf-8"?><testsuites name="pytest tests"><testsuite name="pytest" errors="0" failures="0" skipped="0" tests="36" time="12.978" timestamp="2026-03-19T19:51:58.358181+00:00" hostname="agent-env-8c0dbb7c-9cf0-4d59-8894-daebff8bcdd6"><testcase classname="backend.tests.test_fuel_receipts.TestFuelReceiptsAPI" name="test_health_endpoint" time="0.177" /><testcase classname="backend.tests.test_fuel_receipts.TestFuelReceiptsAPI" name="test_login_admin" time="0.330" /><testcase classname="backend.tests.test_fuel_receipts.TestFuelReceiptsAPI" name="test_list_fuel_receipts_unauthenticated" time="0.192" /><testcase classname="backend.tests.test_fuel_receipts.TestFuelReceiptsAPI" name="test_list_fuel_receipts_authenticated" time="0.132" /><testcase classname="backend.tests.test_fuel_receipts.TestFuelReceiptsAPI" name="test_list_fuel_receipts_filter_by_status" time="0.122" /><testcase classname="backend.tests.test_fuel_receipts.TestFuelReceiptsAPI" name="test_list_fuel_receipts_filter_by_fuel_type" time="0.113" /><testcase classname="backend.tests.test_fuel_receipts.TestFuelReceiptsAPI" name="test_get_fuel_receipt_stats_unauthenticated" time="0.107" /><testcase classname="backend.tests.test_fuel_receipts.TestFuelReceiptsAPI" name="test_get_fuel_receipt_stats_authenticated" time="0.120" /><testcase classname="backend.tests.test_fuel_receipts.TestFuelReceiptsAPI" name="test_create_fuel_receipt_unauthenticated" time="0.132" /><testcase classname="backend.tests.test_fuel_receipts.TestFuelReceiptsAPI" name="test_create_fuel_receipt_valid_diesel" time="0.229" /><testcase classname="backend.tests.test_fuel_receipts.TestFuelReceiptsAPI" name="test_create_fuel_receipt_valid_hvo" time="0.226" /><testcase classname="backend.tests.test_fuel_receipts.TestFuelReceiptsAPI" name="test_create_fuel_receipt_valid_heizoel" time="0.232" /><testcase classname="backend.tests.test_fuel_receipts.TestFuelReceiptsAPI" name="test_create_fuel_receipt_invalid_fuel_type" time="0.117" /><testcase classname="backend.tests.test_fuel_receipts.TestFuelReceiptsAPI" name="test_get_single_receipt" time="0.259" /><testcase classname="backend.tests.test_fuel_receipts.TestFuelReceiptsAPI" name="test_get_single_receipt_not_found" time="0.190" /><testcase classname="backend.tests.test_fuel_receipts.TestFuelReceiptsAPI" name="test_update_fuel_receipt" time="0.232" /><testcase classname="backend.tests.test_fuel_receipts.TestFuelReceiptsAPI" name="test_update_fuel_receipt_change_fuel_type" time="0.241" /><testcase classname="backend.tests.test_fuel_receipts.TestFuelReceiptsAPI" name="test_update_fuel_receipt_not_found" time="0.121" /><testcase classname="backend.tests.test_fuel_receipts.TestFuelReceiptsAPI" name="test_confirm_fuel_receipt" time="0.468" /><testcase classname="backend.tests.test_fuel_receipts.TestFuelReceiptsAPI" name="test_confirm_nonexistent_receipt" time="0.154" /><testcase classname="backend.tests.test_fuel_receipts.TestFuelReceiptsAPI" name="test_reject_fuel_receipt" time="0.488" /><testcase classname="backend.tests.test_fuel_receipts.TestFuelReceiptsAPI" name="test_delete_fuel_receipt" time="0.394" /><testcase classname="backend.tests.test_fuel_receipts.TestFuelReceiptsAPI" name="test_delete_nonexistent_receipt" time="0.108" /><testcase classname="backend.tests.test_fuel_receipts.TestFuelReceiptsAPI" name="test_pdf_export_with_token_query_param" time="0.130" /><testcase classname="backend.tests.test_fuel_receipts.TestFuelReceiptsAPI" name="test_pdf_export_with_bearer_header" time="0.118" /><testcase classname="backend.tests.test_fuel_receipts.TestFuelReceiptsAPI" name="test_pdf_export_unauthorized" time="0.102" /><testcase classname="backend.tests.test_fuel_receipts.TestFuelReceiptsAPI" name="test_pdf_export_nonexistent_receipt" time="0.131" /><testcase classname="backend.tests.test_fuel_receipts.TestFuelReceiptsAPI" name="test_sync_endpoint_no_auth_required" time="0.665" /><testcase classname="backend.tests.test_fuel_receipts.TestFuelReceiptsAPI" name="test_sync_endpoint_dedup" time="0.872" /><testcase classname="backend.tests.test_fuel_receipts.TestFuelReceiptsByOrder" name="test_get_receipts_by_order_unauthenticated" time="0.131" /><testcase classname="backend.tests.test_fuel_receipts.TestFuelReceiptsByOrder" name="test_get_receipts_by_order_returns_array" time="0.471" /><testcase classname="backend.tests.test_fuel_receipts.TestFuelReceiptsByOrder" name="test_get_receipts_by_order_returns_only_matching" time="0.428" /><testcase classname="backend.tests.test_fuel_receipts.TestFuelReceiptsByOrder" name="test_get_receipts_by_order_empty_for_nonexistent_order" time="0.119" /><testcase classname="backend.tests.test_fuel_receipts.TestFuelReceiptsByOrder" name="test_create_receipt_with_order_pk_links_to_order" time="0.329" /><testcase classname="backend.tests.test_fuel_receipts.TestFuelReceiptsByOrder" name="test_list_filter_by_order_pk_via_main_endpoint" time="0.105" /><testcase classname="backend.tests.test_fuel_receipts.TestOrdersEpirentEndpoint" name="test_orders_epirent_endpoint_exists" time="4.383" /></testsuite></testsuites>