<?xml version="1.0" encoding="utf-8"?><testsuites name="pytest tests"><testsuite name="pytest" errors="0" failures="0" skipped="0" tests="36" time="17.367" timestamp="2026-03-05T22:21:15.506794+00:00" hostname="agent-env-59a99d70-87c2-4f82-a1f3-06f1b2ffa0db"><testcase classname="tests.test_fileshare_portal.TestHealthCheck" name="test_health_check" time="0.139" /><testcase classname="tests.test_fileshare_portal.TestAuthentication" name="test_login_with_admin_credentials" time="0.342" /><testcase classname="tests.test_fileshare_portal.TestAuthentication" name="test_login_with_kunde_credentials" time="0.348" /><testcase classname="tests.test_fileshare_portal.TestAuthentication" name="test_login_invalid_credentials" time="0.107" /><testcase classname="tests.test_fileshare_portal.TestAuthentication" name="test_get_current_user" time="0.486" /><testcase classname="tests.test_fileshare_portal.TestPasswordReset" name="test_request_password_reset" time="0.126" /><testcase classname="tests.test_fileshare_portal.TestPasswordReset" name="test_verify_reset_token" time="0.237" /><testcase classname="tests.test_fileshare_portal.TestPasswordReset" name="test_verify_invalid_reset_token" time="0.114" /><testcase classname="tests.test_fileshare_portal.TestUserManagement" name="test_list_users" time="0.492" /><testcase classname="tests.test_fileshare_portal.TestUserManagement" name="test_create_and_delete_user" time="0.897" /><testcase classname="tests.test_fileshare_portal.TestUserManagement" name="test_update_user" time="1.232" /><testcase classname="tests.test_fileshare_portal.TestAdminPasswordManagement" name="test_admin_set_password" time="1.309" /><testcase classname="tests.test_fileshare_portal.TestAdminPasswordManagement" name="test_admin_generate_reset_link" time="0.622" /><testcase classname="tests.test_fileshare_portal.TestFolderOperations" name="test_create_folder_personal" time="0.557" /><testcase classname="tests.test_fileshare_portal.TestFolderOperations" name="test_create_folder_shared" time="0.591" /><testcase classname="tests.test_fileshare_portal.TestFolderOperations" name="test_list_folders" time="0.436" /><testcase classname="tests.test_fileshare_portal.TestFileOperations" name="test_list_files" time="0.499" /><testcase classname="tests.test_fileshare_portal.TestFileOperations" name="test_upload_file" time="0.585" /><testcase classname="tests.test_fileshare_portal.TestShareOperations" name="test_list_shares" time="0.472" /><testcase classname="tests.test_fileshare_portal.TestShareOperations" name="test_create_share_for_file" time="1.136" /><testcase classname="tests.test_fileshare_portal.TestStatistics" name="test_get_stats" time="0.438" /><testcase classname="tests.test_fileshare_portal.TestStatistics" name="test_get_users_with_files" time="0.455" /><testcase classname="tests.test_new_features.TestNewFeatures" name="test_file_download_success" time="0.748" /><testcase classname="tests.test_new_features.TestNewFeatures" name="test_file_download_nonexistent" time="0.114" /><testcase classname="tests.test_new_features.TestNewFeatures" name="test_file_delete_success" time="0.384" /><testcase classname="tests.test_new_features.TestNewFeatures" name="test_file_delete_nonexistent" time="0.111" /><testcase classname="tests.test_new_features.TestNewFeatures" name="test_folder_delete_success" time="0.245" /><testcase classname="tests.test_new_features.TestNewFeatures" name="test_file_move_success" time="0.831" /><testcase classname="tests.test_new_features.TestNewFeatures" name="test_file_move_to_root" time="0.601" /><testcase classname="tests.test_new_features.TestNewFeatures" name="test_folder_zip_download" time="0.500" /><testcase classname="tests.test_new_features.TestNewFeatures" name="test_folder_zip_download_empty_folder" time="0.397" /><testcase classname="tests.test_new_features.TestNewFeatures" name="test_file_preview_image" time="0.579" /><testcase classname="tests.test_new_features.TestNewFeatures" name="test_file_preview_non_previewable" time="0.452" /><testcase classname="tests.test_new_features.TestNewFeatures" name="test_get_all_folders" time="0.137" /><testcase classname="tests.test_new_features.TestEdgeCases" name="test_move_nonexistent_file" time="0.457" /><testcase classname="tests.test_new_features.TestEdgeCases" name="test_download_nonexistent_folder" time="0.116" /></testsuite></testsuites>