<?xml version="1.0" encoding="utf-8"?><testsuites name="pytest tests"><testsuite name="pytest" errors="0" failures="1" skipped="1" tests="12" time="7.502" timestamp="2026-03-06T18:00:56.399683+00:00" hostname="agent-env-43261bd8-ccae-4310-afbe-5508c9c92b4b"><testcase classname="tests.test_energy_monitoring.TestEnergyMonitoringDevicesEndpoint" name="test_admin_can_list_energy_devices" time="0.627" /><testcase classname="tests.test_energy_monitoring.TestEnergyMonitoringDevicesEndpoint" name="test_user_without_energy_monitoring_gets_403" time="0.336"><skipped type="pytest.skip" message="Kunde user not available for testing">/app/backend/tests/test_energy_monitoring.py:98: Kunde user not available for testing</skipped></testcase><testcase classname="tests.test_energy_monitoring.TestEnergyMonitoringDeviceDetail" name="test_admin_can_get_device_detail" time="0.593" /><testcase classname="tests.test_energy_monitoring.TestEnergyMonitoringDeviceDetail" name="test_nonexistent_device_returns_404" time="0.470" /><testcase classname="tests.test_energy_monitoring.TestEnergyMonitoringTelemetry" name="test_get_device_telemetry" time="0.597" /><testcase classname="tests.test_energy_monitoring.TestEnergyMonitoringTelemetry" name="test_get_latest_telemetry_per_meter" time="0.634" /><testcase classname="tests.test_energy_monitoring.TestSeedDemoData" name="test_admin_can_seed_demo_data" time="0.493" /><testcase classname="tests.test_energy_monitoring.TestAdminPermissionManagement" name="test_admin_can_update_user_energy_monitoring_permissions" time="0.738" /><testcase classname="tests.test_energy_monitoring.TestAdminPermissionManagement" name="test_admin_can_set_time_based_access" time="0.729" /><testcase classname="tests.test_energy_monitoring.TestAdminPermissionManagement" name="test_admin_can_set_individual_device_access" time="0.924" /><testcase classname="tests.test_energy_monitoring.TestUserEnergyColumnInAdminTable" name="test_users_list_contains_energy_monitoring_status" time="0.542"><failure message="AssertionError: User kunde1@test.com missing energy_monitoring in apps&#10;assert ('energy_monitoring' in {'filesharing': {'can_delete': False, 'can_write': False, 'enabled': False, 'max_upload_size_mb': 100}, 'generator_monitoring': {'access_all': False, 'enabled': True, 'generator_ids': ['ca22b789-b10b-4c1b-8043-4745100430b6']}} or 'kunde' == 'admin'&#10;  &#10;  - admin&#10;  + kunde)">tests/test_energy_monitoring.py:477: in test_users_list_contains_energy_monitoring_status
    assert "energy_monitoring" in apps or user["role"] == "admin", \
E   AssertionError: User kunde1@test.com missing energy_monitoring in apps
E   assert ('energy_monitoring' in {'filesharing': {'can_delete': False, 'can_write': False, 'enabled': False, 'max_upload_size_mb': 100}, 'generator_monitoring': {'access_all': False, 'enabled': True, 'generator_ids': ['ca22b789-b10b-4c1b-8043-4745100430b6']}} or 'kunde' == 'admin'
E     
E     - admin
E     + kunde)</failure></testcase><testcase classname="tests.test_energy_monitoring.TestMeterEndpoints" name="test_list_meters_for_device" time="0.608" /></testsuite></testsuites>