<?xml version="1.0" encoding="utf-8"?><testsuites name="pytest tests"><testsuite name="pytest" errors="0" failures="0" skipped="0" tests="45" time="38.045" timestamp="2026-03-08T14:37:49.063069+00:00" hostname="agent-env-019efcf7-9aa4-4fa9-9457-f4a554044eef"><testcase classname="backend.tests.test_kirmes.TestStandardPrices" name="test_get_standard_prices_requires_auth" time="0.236" /><testcase classname="backend.tests.test_kirmes.TestStandardPrices" name="test_get_standard_prices_as_staff" time="0.439" /><testcase classname="backend.tests.test_kirmes.TestStandardPrices" name="test_update_standard_prices_requires_admin" time="0.678" /><testcase classname="backend.tests.test_kirmes.TestStandardPrices" name="test_update_standard_prices_as_admin" time="0.178" /><testcase classname="backend.tests.test_kirmes.TestEvents" name="test_list_events_requires_auth" time="0.101" /><testcase classname="backend.tests.test_kirmes.TestEvents" name="test_create_event" time="0.058" /><testcase classname="backend.tests.test_kirmes.TestEvents" name="test_list_events" time="0.057" /><testcase classname="backend.tests.test_kirmes.TestEvents" name="test_list_events_filter_by_status" time="0.056" /><testcase classname="backend.tests.test_kirmes.TestEvents" name="test_get_event_by_id" time="0.133" /><testcase classname="backend.tests.test_kirmes.TestEvents" name="test_update_event" time="0.177" /><testcase classname="backend.tests.test_kirmes.TestEventRelease" name="test_release_event" time="0.178" /><testcase classname="backend.tests.test_kirmes.TestEventDelete" name="test_delete_entwurf_event" time="0.169" /><testcase classname="backend.tests.test_kirmes.TestEventDelete" name="test_cannot_delete_aktiv_event" time="0.174" /><testcase classname="backend.tests.test_kirmes.TestPublicAPI" name="test_public_events_list_only_released" time="0.062" /><testcase classname="backend.tests.test_kirmes.TestPublicAPI" name="test_connection_types_endpoint" time="0.065" /><testcase classname="backend.tests.test_kirmes.TestSchaustellerRegistration" name="test_register_schausteller_with_password" time="1.890" /><testcase classname="backend.tests.test_kirmes.TestSchaustellerRegistration" name="test_register_requires_password" time="0.052" /><testcase classname="backend.tests.test_kirmes.TestSchaustellerRegistration" name="test_register_password_too_short" time="0.054" /><testcase classname="backend.tests.test_kirmes.TestSchaustellerRegistration" name="test_register_duplicate_email_fails" time="0.060" /><testcase classname="backend.tests.test_kirmes.TestSchaustellerLogin" name="test_login_verified_schausteller" time="0.285" /><testcase classname="backend.tests.test_kirmes.TestSchaustellerLogin" name="test_login_wrong_password_fails" time="0.277" /><testcase classname="backend.tests.test_kirmes.TestSchaustellerLogin" name="test_login_unverified_email_fails" time="1.904" /><testcase classname="backend.tests.test_kirmes.TestSchaustellerLogin" name="test_login_no_password_schausteller_fails" time="0.274" /><testcase classname="backend.tests.test_kirmes.TestSchaustellerLogin" name="test_login_nonexistent_email_fails" time="0.073" /><testcase classname="backend.tests.test_kirmes.TestEmailVerification" name="test_verify_email_wrong_code_fails" time="1.820" /><testcase classname="backend.tests.test_kirmes.TestEmailVerification" name="test_verify_email_nonexistent_email_fails" time="0.056" /><testcase classname="backend.tests.test_kirmes.TestEmailVerification" name="test_verify_email_response_no_sensitive_data" time="0.055" /><testcase classname="backend.tests.test_kirmes.TestResendCode" name="test_resend_code_endpoint" time="3.347" /><testcase classname="backend.tests.test_kirmes.TestResendCode" name="test_resend_code_already_verified" time="0.064" /><testcase classname="backend.tests.test_kirmes.TestResendCode" name="test_resend_code_nonexistent_email_fails" time="0.058" /><testcase classname="backend.tests.test_kirmes.TestPublicSignup" name="test_signup_for_event" time="3.510" /><testcase classname="backend.tests.test_kirmes.TestPublicSignup" name="test_signup_invalid_connection_type_fails" time="1.940" /><testcase classname="backend.tests.test_kirmes.TestPublicSignup" name="test_signup_duplicate_fails" time="3.520" /><testcase classname="backend.tests.test_kirmes.TestSchaustellerManagement" name="test_list_schausteller_requires_auth" time="0.134" /><testcase classname="backend.tests.test_kirmes.TestSchaustellerManagement" name="test_list_schausteller" time="0.063" /><testcase classname="backend.tests.test_kirmes.TestSchaustellerManagement" name="test_search_schausteller" time="0.062" /><testcase classname="backend.tests.test_kirmes.TestSchaustellerManagement" name="test_get_schausteller_no_sensitive_data" time="0.116" /><testcase classname="backend.tests.test_kirmes.TestSchaustellerSetPassword" name="test_set_password_requires_auth" time="0.146" /><testcase classname="backend.tests.test_kirmes.TestSchaustellerSetPassword" name="test_set_password_as_admin" time="4.159" /><testcase classname="backend.tests.test_kirmes.TestSchaustellerSetPassword" name="test_set_password_as_mitarbeiter" time="2.106" /><testcase classname="backend.tests.test_kirmes.TestSchaustellerSetPassword" name="test_set_password_too_short_fails" time="1.834" /><testcase classname="backend.tests.test_kirmes.TestSchaustellerSetPassword" name="test_set_password_nonexistent_schausteller_fails" time="0.051" /><testcase classname="backend.tests.test_kirmes.TestSchaustellerSetPassword" name="test_set_password_marks_email_verified" time="2.849" /><testcase classname="backend.tests.test_kirmes.TestBookingConfirmationEmail" name="test_signup_sends_confirmation_email_no_error" time="3.564" /><testcase classname="backend.tests.test_kirmes.TestCleanup" name="test_cleanup_test_events" time="0.831" /></testsuite></testsuites>