<?xml version="1.0" encoding="utf-8"?><testsuites name="pytest tests"><testsuite name="pytest" errors="0" failures="0" skipped="2" tests="14" time="6.157" timestamp="2026-04-05T18:03:16.721578+00:00" hostname="agent-env-562f58b0-58a5-4ce0-98cf-9db2042d933c"><testcase classname="backend.tests.test_employee_profile_documents.TestEmployeeProfile" name="test_get_profile_returns_data" time="0.490" /><testcase classname="backend.tests.test_employee_profile_documents.TestEmployeeProfile" name="test_update_profile_name_phone_address" time="0.479" /><testcase classname="backend.tests.test_employee_profile_documents.TestEmployeeProfile" name="test_get_profile_without_token_fails" time="0.116" /><testcase classname="backend.tests.test_employee_profile_documents.TestPasswordChange" name="test_change_password_with_correct_old_password" time="0.435"><skipped type="pytest.skip" message="User has no password stored - cannot test password change">/app/backend/tests/test_employee_profile_documents.py:131: User has no password stored - cannot test password change</skipped></testcase><testcase classname="backend.tests.test_employee_profile_documents.TestPasswordChange" name="test_change_password_with_wrong_old_password" time="0.122"><skipped type="pytest.skip" message="User has no password stored - cannot test wrong password rejection">/app/backend/tests/test_employee_profile_documents.py:170: User has no password stored - cannot test wrong password rejection</skipped></testcase><testcase classname="backend.tests.test_employee_profile_documents.TestPasswordChange" name="test_change_password_missing_fields" time="0.151" /><testcase classname="backend.tests.test_employee_profile_documents.TestDocumentTypes" name="test_get_document_types_returns_9_types" time="0.104" /><testcase classname="backend.tests.test_employee_profile_documents.TestDocumentUpload" name="test_upload_pdf_creates_document_record" time="1.619" /><testcase classname="backend.tests.test_employee_profile_documents.TestDocumentUpload" name="test_get_documents_returns_list" time="0.109" /><testcase classname="backend.tests.test_employee_profile_documents.TestDocumentUpload" name="test_update_document_expiry_date" time="0.472" /><testcase classname="backend.tests.test_employee_profile_documents.TestDocumentUpload" name="test_download_document_file" time="0.442" /><testcase classname="backend.tests.test_employee_profile_documents.TestDocumentUpload" name="test_upload_same_type_marks_old_as_alt" time="1.101" /><testcase classname="backend.tests.test_employee_profile_documents.TestDocumentUpload" name="test_upload_invalid_doc_type_fails" time="0.104" /><testcase classname="backend.tests.test_employee_profile_documents.TestDocumentPermissions" name="test_cannot_access_other_user_document" time="0.322" /></testsuite></testsuites>