<?xml version="1.0" encoding="utf-8"?><testsuites name="pytest tests"><testsuite name="pytest" errors="0" failures="0" skipped="0" tests="16" time="17.238" timestamp="2026-03-06T09:31:56.728736+00:00" hostname="agent-env-01f03ecc-e26d-423b-8fa8-56d0be12c32a"><testcase classname="backend.tests.test_iteration11.TestServiceplanCurrentHoursAndRemarks" name="test_create_plan_with_current_hours" time="0.879" /><testcase classname="backend.tests.test_iteration11.TestServiceplanCurrentHoursAndRemarks" name="test_update_plan_current_hours" time="0.540" /><testcase classname="backend.tests.test_iteration11.TestServiceplanCurrentHoursAndRemarks" name="test_add_entry_with_remarks" time="0.580" /><testcase classname="backend.tests.test_iteration11.TestServiceplanCurrentHoursAndRemarks" name="test_get_plan_detail_shows_current_hours" time="0.554" /><testcase classname="backend.tests.test_iteration11.TestServiceplanImageUpload" name="test_upload_image_to_entry" time="0.634" /><testcase classname="backend.tests.test_iteration11.TestServiceplanImageUpload" name="test_retrieve_serviceplan_image" time="0.677" /><testcase classname="backend.tests.test_iteration11.TestServiceplanImageUpload" name="test_list_entry_images" time="0.796" /><testcase classname="backend.tests.test_iteration11.TestDeviceImageUpload" name="test_upload_device_image" time="0.606" /><testcase classname="backend.tests.test_iteration11.TestDeviceImageUpload" name="test_retrieve_device_image" time="0.568" /><testcase classname="backend.tests.test_iteration11.TestDeviceImageUpload" name="test_device_without_image_returns_404" time="0.769" /><testcase classname="backend.tests.test_iteration11.TestDeviceImageUpload" name="test_device_table_shows_image_when_available" time="0.531" /><testcase classname="backend.tests.test_iteration11.TestAdminEmailEndpoints" name="test_admin_send_reset_email_endpoint_exists" time="7.532" /><testcase classname="backend.tests.test_iteration11.TestAdminEmailEndpoints" name="test_forgot_password_passes_frontend_url" time="0.475" /><testcase classname="backend.tests.test_iteration11.TestMitarbeiterServiceplanAccess" name="test_mitarbeiter_can_list_serviceplans" time="0.464" /><testcase classname="backend.tests.test_iteration11.TestMitarbeiterServiceplanAccess" name="test_mitarbeiter_can_add_entry" time="0.934" /><testcase classname="backend.tests.test_iteration11.TestMitarbeiterServiceplanAccess" name="test_mitarbeiter_can_upload_entry_image" time="0.639" /></testsuite></testsuites>