<?xml version="1.0" encoding="utf-8"?><testsuites name="pytest tests"><testsuite name="pytest" errors="0" failures="0" skipped="3" tests="10" time="7.581" timestamp="2026-03-08T21:04:26.404452+00:00" hostname="agent-env-892f822a-63c4-42e3-a3f9-88a8aae3f285"><testcase classname="backend.tests.test_pay_to_confirm_flow.TestSignupPayToConfirmFlow" name="test_signup_without_kauf_auf_rechnung_returns_pending" time="2.802"><skipped type="pytest.skip" message="Could not create new signup - schausteller already registered for all events">/app/backend/tests/test_pay_to_confirm_flow.py:111: Could not create new signup - schausteller already registered for all events</skipped></testcase><testcase classname="backend.tests.test_pay_to_confirm_flow.TestSignupPayToConfirmFlow" name="test_signup_with_kauf_auf_rechnung_returns_confirmed" time="0.591"><skipped type="pytest.skip" message="Schausteller already registered for event">/app/backend/tests/test_pay_to_confirm_flow.py:170: Schausteller already registered for event</skipped></testcase><testcase classname="backend.tests.test_pay_to_confirm_flow.TestSignupPayToConfirmFlow" name="test_rechnung_payment_rejected_without_kauf_auf_rechnung" time="0.611"><skipped type="pytest.skip" message="Schausteller already registered - cannot test rechnung rejection">/app/backend/tests/test_pay_to_confirm_flow.py:229: Schausteller already registered - cannot test rechnung rejection</skipped></testcase><testcase classname="backend.tests.test_pay_to_confirm_flow.TestPaymentStatusEndpoint" name="test_get_signup_status_returns_payment_info" time="0.117" /><testcase classname="backend.tests.test_pay_to_confirm_flow.TestPaymentStatusEndpoint" name="test_get_signup_status_invalid_id" time="0.103" /><testcase classname="backend.tests.test_pay_to_confirm_flow.TestCancelPendingSignup" name="test_cancel_pending_signup_deletes_pending_only" time="0.476" /><testcase classname="backend.tests.test_pay_to_confirm_flow.TestCancelPendingSignup" name="test_cancel_confirmed_signup_does_nothing" time="0.680" /><testcase classname="backend.tests.test_pay_to_confirm_flow.TestDepositCheckout" name="test_deposit_checkout_for_pending_signup" time="0.753" /><testcase classname="backend.tests.test_pay_to_confirm_flow.TestAdminKaufAufRechnung" name="test_admin_can_update_kauf_auf_rechnung" time="0.806" /><testcase classname="backend.tests.test_pay_to_confirm_flow.TestStatusLabels" name="test_signup_status_includes_pending" time="0.463" /></testsuite></testsuites>