<?xml version="1.0" encoding="utf-8"?><testsuites name="pytest tests"><testsuite name="pytest" errors="0" failures="0" skipped="0" tests="38" time="24.959" timestamp="2026-05-20T15:18:47.045007+00:00" hostname="agent-env-b1ebc93b-cd42-4604-ba1f-46d5d4cdead7"><testcase classname="tests.test_dse890_mqtt_split_topics" name="test_dse890_split_topics_produce_full_history_rows" time="0.020" /><testcase classname="tests.test_dse890_mqtt_fix_iteration43" name="test_throttle_blocks_double_insert_within_5min" time="0.011" /><testcase classname="tests.test_dse890_mqtt_fix_iteration43" name="test_running_fallback_via_mqtt_status" time="0.008" /><testcase classname="tests.test_dse890_mqtt_fix_iteration43" name="test_running_fallback_via_snapshot_engine_running" time="0.008" /><testcase classname="tests.test_dse890_mqtt_fix_iteration43" name="test_snapshot_updated_when_no_insert" time="0.008" /><testcase classname="tests.test_dse890_sentinel_fix_iteration66.TestHealthAndAuth" name="test_health_endpoint" time="0.285" /><testcase classname="tests.test_dse890_sentinel_fix_iteration66.TestHealthAndAuth" name="test_admin_login" time="0.368" /><testcase classname="tests.test_dse890_sentinel_fix_iteration66.TestSentinelValueFiltering" name="test_generators_list_no_sentinel_values" time="0.494" /><testcase classname="tests.test_dse890_sentinel_fix_iteration66.TestSentinelValueFiltering" name="test_generator_detail_sanitized_telemetry" time="0.860" /><testcase classname="tests.test_dse890_sentinel_fix_iteration66.TestControlButtonRouting" name="test_control_endpoint_exists" time="0.589" /><testcase classname="tests.test_dse890_sentinel_fix_iteration66.TestControlButtonRouting" name="test_control_invalid_command" time="0.622" /><testcase classname="tests.test_dse890_sentinel_fix_iteration66.TestControlButtonRouting" name="test_control_valid_commands" time="2.248" /><testcase classname="tests.test_dse890_sentinel_fix_iteration66.TestDevGeneratorControlRouting" name="test_dev_generator_lookup" time="0.889" /><testcase classname="tests.test_dse890_sentinel_fix_iteration66.TestDevGeneratorControlRouting" name="test_dev_generator_control_uses_device_lookup" time="0.607" /><testcase classname="tests.test_dse890_sentinel_fix_iteration66.TestTelemetryThresholds" name="test_telemetry_field_thresholds" time="0.455" /><testcase classname="tests.test_dse890_sentinel_fix_iteration66.TestDseModeReading" name="test_dse_mode_in_generator_detail" time="1.168" /><testcase classname="tests.test_generator_monitoring.TestAuth" name="test_admin_login" time="0.351" /><testcase classname="tests.test_generator_monitoring.TestGeneratorStats" name="test_get_stats_overview" time="0.456" /><testcase classname="tests.test_generator_monitoring.TestGeneratorList" name="test_list_generators" time="0.456" /><testcase classname="tests.test_generator_monitoring.TestGeneratorList" name="test_list_generators_without_auth" time="0.495" /><testcase classname="tests.test_generator_monitoring.TestGeneratorDetail" name="test_get_generator_detail" time="0.612" /><testcase classname="tests.test_generator_monitoring.TestGeneratorDetail" name="test_get_nonexistent_generator" time="0.669" /><testcase classname="tests.test_generator_monitoring.TestGeneratorCRUD" name="test_create_generator" time="0.615" /><testcase classname="tests.test_generator_monitoring.TestGeneratorCRUD" name="test_create_duplicate_serial" time="0.608" /><testcase classname="tests.test_generator_monitoring.TestGeneratorCRUD" name="test_update_generator" time="0.777" /><testcase classname="tests.test_generator_monitoring.TestGeneratorCRUD" name="test_delete_generator" time="0.751" /><testcase classname="tests.test_generator_monitoring.TestTelemetryIngestion" name="test_ingest_telemetry_valid_api_key" time="0.728" /><testcase classname="tests.test_generator_monitoring.TestTelemetryIngestion" name="test_ingest_telemetry_invalid_api_key" time="0.628" /><testcase classname="tests.test_generator_monitoring.TestTelemetryIngestion" name="test_ingest_telemetry_with_alarms" time="0.747" /><testcase classname="tests.test_generator_monitoring.TestTelemetryQuery" name="test_get_telemetry_history" time="0.609" /><testcase classname="tests.test_generator_monitoring.TestAlarms" name="test_get_alarms" time="0.636" /><testcase classname="tests.test_generator_monitoring.TestSimulateData" name="test_simulate_data" time="0.505" /><testcase classname="tests.test_generator_monitoring.TestAuthorizationNonAdmin" name="test_kunde_cannot_create_generator" time="1.309" /><testcase classname="tests.test_generator_monitoring.TestAuthorizationNonAdmin" name="test_kunde_cannot_delete_generator" time="1.461" /><testcase classname="tests.test_generator_monitoring.TestAuthorizationNonAdmin" name="test_kunde_can_list_generators" time="1.310" /><testcase classname="tests.test_generator_diagnostics" name="test_diagnostics_requires_admin" time="0.442" /><testcase classname="tests.test_generator_diagnostics" name="test_diagnostics_404_unknown" time="0.447" /><testcase classname="tests.test_generator_diagnostics" name="test_diagnostics_returns_open_alarms_and_decoded_bits" time="1.551" /></testsuite></testsuites>