<?xml version="1.0" encoding="utf-8"?><testsuites name="pytest tests"><testsuite name="pytest" errors="0" failures="0" skipped="0" tests="15" time="2.847" timestamp="2026-03-06T12:23:43.968338+00:00" hostname="agent-env-26fabb68-137b-489a-9c37-37143c527ad1"><testcase classname="backend.tests.test_iteration19.TestDeviceCodeGeneration" name="test_list_devices_returns_device_code" time="0.507" /><testcase classname="backend.tests.test_iteration19.TestDeviceCodeGeneration" name="test_all_devices_have_device_code" time="0.053" /><testcase classname="backend.tests.test_iteration19.TestQRCodeEndpoint" name="test_qrcode_endpoint_returns_png" time="0.126" /><testcase classname="backend.tests.test_iteration19.TestQRCodeEndpoint" name="test_qrcode_endpoint_returns_404_for_invalid_device" time="0.062" /><testcase classname="backend.tests.test_iteration19.TestSearchByCode" name="test_search_by_code_finds_device" time="0.105" /><testcase classname="backend.tests.test_iteration19.TestSearchByCode" name="test_search_by_code_case_insensitive" time="0.105" /><testcase classname="backend.tests.test_iteration19.TestSearchByCode" name="test_search_by_code_returns_404_for_invalid" time="0.047" /><testcase classname="backend.tests.test_iteration19.TestDeviceCopy" name="test_copy_device_generates_new_device_code" time="0.168" /><testcase classname="backend.tests.test_iteration19.TestDeviceCopy" name="test_copy_device_copies_image_gridfs_id" time="0.152" /><testcase classname="backend.tests.test_iteration19.TestDeviceCopy" name="test_copy_device_copies_parts" time="0.261" /><testcase classname="backend.tests.test_iteration19.TestCreateDeviceWithCopyFrom" name="test_create_device_with_copy_from_copies_image" time="0.223" /><testcase classname="backend.tests.test_iteration19.TestCreateDeviceWithCopyFrom" name="test_create_device_with_copy_from_copies_parts" time="0.264" /><testcase classname="backend.tests.test_iteration19.TestCreateDeviceWithCopyFrom" name="test_create_device_with_copy_from_copies_documents" time="0.411" /><testcase classname="backend.tests.test_iteration19.TestServicePlanEntrySorting" name="test_serviceplan_entries_sorted_newest_first" time="0.112" /><testcase classname="backend.tests.test_iteration19.TestServicePlanEntrySorting" name="test_serviceplan_entries_order_consistent" time="0.158" /></testsuite></testsuites>