<?xml version="1.0" encoding="utf-8"?><testsuites name="pytest tests"><testsuite name="pytest" errors="0" failures="0" skipped="0" tests="16" time="3.281" timestamp="2026-03-06T18:33:58.950286+00:00" hostname="agent-env-43261bd8-ccae-4310-afbe-5508c9c92b4b"><testcase classname="backend.tests.test_energy_monitoring_iteration23.TestGPSLocationEndpoints" name="test_get_all_device_locations" time="0.654" /><testcase classname="backend.tests.test_energy_monitoring_iteration23.TestGPSLocationEndpoints" name="test_get_single_device_location" time="0.118" /><testcase classname="backend.tests.test_energy_monitoring_iteration23.TestGPSLocationEndpoints" name="test_location_returns_power_info" time="0.125" /><testcase classname="backend.tests.test_energy_monitoring_iteration23.TestIngestAPI" name="test_get_sync_state" time="0.408" /><testcase classname="backend.tests.test_energy_monitoring_iteration23.TestIngestAPI" name="test_sync_state_requires_api_key" time="0.136" /><testcase classname="backend.tests.test_energy_monitoring_iteration23.TestIngestAPI" name="test_ingest_batch_data" time="0.108" /><testcase classname="backend.tests.test_energy_monitoring_iteration23.TestIngestAPI" name="test_ingest_requires_api_key" time="0.124" /><testcase classname="backend.tests.test_energy_monitoring_iteration23.TestIngestAPI" name="test_ingest_empty_batch_returns_message" time="0.118" /><testcase classname="backend.tests.test_energy_monitoring_iteration23.TestIngestAPI" name="test_generate_api_key_admin_only" time="0.108" /><testcase classname="backend.tests.test_energy_monitoring_iteration23.TestPiSyncScript" name="test_download_sync_script" time="0.121" /><testcase classname="backend.tests.test_energy_monitoring_iteration23.TestAccountLevelTimeAccess" name="test_user_response_includes_access_fields" time="0.259" /><testcase classname="backend.tests.test_energy_monitoring_iteration23.TestAccountLevelTimeAccess" name="test_update_user_temporary_access" time="0.123" /><testcase classname="backend.tests.test_energy_monitoring_iteration23.TestAccountLevelTimeAccess" name="test_update_user_permanent_access" time="0.132" /><testcase classname="backend.tests.test_energy_monitoring_iteration23.TestTelemetryWithRealData" name="test_telemetry_has_data" time="0.128" /><testcase classname="backend.tests.test_energy_monitoring_iteration23.TestTelemetryWithRealData" name="test_telemetry_includes_gps_fields" time="0.120" /><testcase classname="backend.tests.test_energy_monitoring_iteration23.TestTelemetryWithRealData" name="test_alle_daten_time_range_works" time="0.318" /></testsuite></testsuites>