<?xml version="1.0" encoding="utf-8"?><testsuites name="pytest tests"><testsuite name="pytest" errors="0" failures="1" skipped="0" tests="11" time="31.083" timestamp="2026-03-08T10:12:03.501264+00:00" hostname="agent-env-45c5f0a2-b806-4540-913f-4ed6a34030dd"><testcase classname="backend.tests.test_orders_epirent.TestOrdersEpirent" name="test_orders_endpoint_returns_200" time="3.015" /><testcase classname="backend.tests.test_orders_epirent.TestOrdersEpirent" name="test_orders_response_structure" time="2.776" /><testcase classname="backend.tests.test_orders_epirent.TestOrdersEpirent" name="test_orders_with_date_filter" time="2.817" /><testcase classname="backend.tests.test_orders_epirent.TestOrdersEpirent" name="test_orders_with_default_date_range" time="2.748" /><testcase classname="backend.tests.test_orders_epirent.TestOrdersEpirent" name="test_orders_with_search_filter" time="5.289" /><testcase classname="backend.tests.test_orders_epirent.TestOrdersEpirent" name="test_orders_combined_filters" time="2.798" /><testcase classname="backend.tests.test_orders_epirent.TestOrdersEpirent" name="test_orders_pagination" time="2.773" /><testcase classname="backend.tests.test_orders_epirent.TestOrdersEpirent" name="test_orders_requires_auth" time="2.803"><failure message="AssertionError: Should require auth, got 200&#10;assert 200 in [401, 403]&#10; +  where 200 = &lt;Response [200]&gt;.status_code">backend/tests/test_orders_epirent.py:157: in test_orders_requires_auth
    assert response.status_code in [401, 403], f"Should require auth, got {response.status_code}"
E   AssertionError: Should require auth, got 200
E   assert 200 in [401, 403]
E    +  where 200 = &lt;Response [200]&gt;.status_code</failure></testcase><testcase classname="backend.tests.test_orders_epirent.TestOrdersEpirent" name="test_orders_status_flags" time="2.697" /><testcase classname="backend.tests.test_orders_epirent.TestOrdersEpirentErrors" name="test_invalid_page_number" time="0.468" /><testcase classname="backend.tests.test_orders_epirent.TestOrdersEpirentErrors" name="test_empty_date_range" time="2.707" /></testsuite></testsuites>