<?xml version="1.0" encoding="utf-8"?><testsuites name="pytest tests"><testsuite name="pytest" errors="0" failures="0" skipped="0" tests="39" time="6.812" timestamp="2026-04-07T08:27:12.692059+00:00" hostname="agent-env-4a08c994-7f43-4551-b31d-d6b44b20501a"><testcase classname="backend.tests.test_regression_iteration61.TestAuthAndHealth" name="test_health_check" time="0.478" /><testcase classname="backend.tests.test_regression_iteration61.TestAuthAndHealth" name="test_admin_login" time="0.323" /><testcase classname="backend.tests.test_regression_iteration61.TestAuthAndHealth" name="test_employee_login" time="0.319" /><testcase classname="backend.tests.test_regression_iteration61.TestAuthAndHealth" name="test_employee2_login" time="0.332" /><testcase classname="backend.tests.test_regression_iteration61.TestUsersAndProfiles" name="test_list_users" time="0.096" /><testcase classname="backend.tests.test_regression_iteration61.TestUsersAndProfiles" name="test_get_profile" time="0.112" /><testcase classname="backend.tests.test_regression_iteration61.TestUsersAndProfiles" name="test_get_all_employees" time="0.277" /><testcase classname="backend.tests.test_regression_iteration61.TestTimeTracking" name="test_get_time_status" time="0.481" /><testcase classname="backend.tests.test_regression_iteration61.TestTimeTracking" name="test_get_time_report_all_users" time="0.104" /><testcase classname="backend.tests.test_regression_iteration61.TestTimeTracking" name="test_get_time_entries" time="0.097" /><testcase classname="backend.tests.test_regression_iteration61.TestShiftPlanning" name="test_get_shift_plan" time="0.108" /><testcase classname="backend.tests.test_regression_iteration61.TestShiftPlanning" name="test_create_shift_assignment" time="0.101" /><testcase classname="backend.tests.test_regression_iteration61.TestShiftPlanning" name="test_get_job_requirements" time="0.100" /><testcase classname="backend.tests.test_regression_iteration61.TestShiftPlanning" name="test_upsert_job_requirement" time="0.100" /><testcase classname="backend.tests.test_regression_iteration61.TestShiftPlanning" name="test_release_shift_plan" time="0.101" /><testcase classname="backend.tests.test_regression_iteration61.TestShiftPlanning" name="test_get_my_shift_plan" time="0.114" /><testcase classname="backend.tests.test_regression_iteration61.TestPayroll" name="test_get_payroll" time="0.207" /><testcase classname="backend.tests.test_regression_iteration61.TestPayroll" name="test_get_deductions" time="0.209" /><testcase classname="backend.tests.test_regression_iteration61.TestPayroll" name="test_get_my_payroll_releases" time="0.098" /><testcase classname="backend.tests.test_regression_iteration61.TestPayroll" name="test_get_my_payroll_documents" time="0.142" /><testcase classname="backend.tests.test_regression_iteration61.TestWorkSchedule" name="test_get_work_schedule" time="0.225" /><testcase classname="backend.tests.test_regression_iteration61.TestNotes" name="test_get_notes" time="0.194" /><testcase classname="backend.tests.test_regression_iteration61.TestNotes" name="test_create_note" time="0.214" /><testcase classname="backend.tests.test_regression_iteration61.TestChat" name="test_get_conversations" time="0.122" /><testcase classname="backend.tests.test_regression_iteration61.TestChat" name="test_get_chat_users" time="0.100" /><testcase classname="backend.tests.test_regression_iteration61.TestOrders" name="test_get_epirent_orders" time="0.126" /><testcase classname="backend.tests.test_regression_iteration61.TestOrders" name="test_get_sync_status" time="0.103" /><testcase classname="backend.tests.test_regression_iteration61.TestMonitoring" name="test_get_devices" time="0.100" /><testcase classname="backend.tests.test_regression_iteration61.TestMonitoring" name="test_get_generators" time="0.136" /><testcase classname="backend.tests.test_regression_iteration61.TestMonitoring" name="test_system_status" time="0.103" /><testcase classname="backend.tests.test_regression_iteration61.TestDocuments" name="test_get_document_types" time="0.100" /><testcase classname="backend.tests.test_regression_iteration61.TestDocuments" name="test_get_documents_folder_structure" time="0.105" /><testcase classname="backend.tests.test_regression_iteration61.TestKirmes" name="test_get_kirmes_events" time="0.111" /><testcase classname="backend.tests.test_regression_iteration61.TestKirmes" name="test_get_kirmes_invoices" time="0.104" /><testcase classname="backend.tests.test_regression_iteration61.TestFilesharing" name="test_get_files" time="0.345" /><testcase classname="backend.tests.test_regression_iteration61.TestFilesharing" name="test_get_folders" time="0.114" /><testcase classname="backend.tests.test_regression_iteration61.TestBackup" name="test_get_backup_settings" time="0.098" /><testcase classname="backend.tests.test_regression_iteration61.TestBackup" name="test_get_backup_list" time="0.098" /><testcase classname="backend.tests.test_regression_iteration61.TestDataIntegrity" name="test_collections_exist" time="0.309" /></testsuite></testsuites>