<?xml version="1.0" encoding="utf-8"?><testsuites name="pytest tests"><testsuite name="pytest" errors="0" failures="0" skipped="0" tests="17" time="9.897" timestamp="2026-04-05T15:56:37.959027+00:00" hostname="agent-env-666c8b86-336a-4360-a16f-00ea6ee59ba9"><testcase classname="backend.tests.test_chat_tasks.TestChatUsers" name="test_list_chat_users" time="0.544" /><testcase classname="backend.tests.test_chat_tasks.TestDirectConversations" name="test_create_direct_conversation" time="0.949" /><testcase classname="backend.tests.test_chat_tasks.TestDirectConversations" name="test_direct_conversation_returns_existing" time="0.314" /><testcase classname="backend.tests.test_chat_tasks.TestGroupConversations" name="test_admin_can_create_group" time="0.901" /><testcase classname="backend.tests.test_chat_tasks.TestGroupConversations" name="test_non_admin_cannot_create_group" time="0.901" /><testcase classname="backend.tests.test_chat_tasks.TestMessages" name="test_send_text_message" time="0.981" /><testcase classname="backend.tests.test_chat_tasks.TestMessages" name="test_send_file_attachment" time="0.509" /><testcase classname="backend.tests.test_chat_tasks.TestMessages" name="test_get_messages_in_order" time="0.691" /><testcase classname="backend.tests.test_chat_tasks.TestConversationsList" name="test_list_conversations_with_unread" time="0.439" /><testcase classname="backend.tests.test_chat_tasks.TestTasks" name="test_create_task_with_priority_and_due_date" time="0.450" /><testcase classname="backend.tests.test_chat_tasks.TestTasks" name="test_create_task_assigned_to_other" time="0.567" /><testcase classname="backend.tests.test_chat_tasks.TestTasks" name="test_mark_task_completed" time="0.379" /><testcase classname="backend.tests.test_chat_tasks.TestTasks" name="test_update_task_priority_and_due_date" time="0.234" /><testcase classname="backend.tests.test_chat_tasks.TestTasks" name="test_delete_task_creator_only" time="0.336" /><testcase classname="backend.tests.test_chat_tasks.TestTasks" name="test_get_tasks_filter_mine" time="0.210" /><testcase classname="backend.tests.test_chat_tasks.TestTasks" name="test_get_tasks_filter_created" time="0.125" /><testcase classname="backend.tests.test_chat_tasks.TestTaskPermissions" name="test_non_creator_cannot_delete_task" time="1.274" /></testsuite></testsuites>