<?xml version="1.0" encoding="utf-8"?><testsuites name="pytest tests"><testsuite name="pytest" errors="0" failures="0" skipped="1" tests="9" time="2.207" timestamp="2026-05-12T08:43:36.550503+00:00" hostname="agent-env-60194a26-ceb4-4fbe-889c-e7528ddde16d"><testcase classname="backend.tests.test_copy_to_order_iteration67" name="test_login_works" time="0.737" /><testcase classname="backend.tests.test_copy_to_order_iteration67" name="test_source_order_has_assets" time="0.153" /><testcase classname="backend.tests.test_copy_to_order_iteration67" name="test_copy_to_self_returns_400" time="0.103" /><testcase classname="backend.tests.test_copy_to_order_iteration67" name="test_copy_empty_payload_returns_400" time="0.123" /><testcase classname="backend.tests.test_copy_to_order_iteration67" name="test_copy_unknown_target_returns_404" time="0.114" /><testcase classname="backend.tests.test_copy_to_order_iteration67" name="test_copy_one_asset_increments_target" time="0.493" /><testcase classname="backend.tests.test_copy_to_order_iteration67" name="test_source_assets_unchanged_after_copy" time="0.105" /><testcase classname="backend.tests.test_copy_to_order_iteration67" name="test_copy_generator_idempotent" time="0.105"><skipped type="pytest.skip" message="source order has no generators in this env">/app/backend/tests/test_copy_to_order_iteration67.py:163: source order has no generators in this env</skipped></testcase><testcase classname="backend.tests.test_copy_to_order_iteration67" name="test_cleanup_copied_assets" time="0.216" /></testsuite></testsuites>