<?xml version="1.0" encoding="utf-8"?><testsuites name="pytest tests"><testsuite name="pytest" errors="0" failures="1" skipped="1" tests="11" time="95.681" timestamp="2026-03-08T20:17:38.804071+00:00" hostname="agent-env-e7690eb6-c586-44b6-935d-7699aa59a7fc"><testcase classname="backend.tests.test_payment_dashboard.TestPaymentDashboardEndpoints" name="test_dashboard_returns_aggregated_stats" time="0.662" /><testcase classname="backend.tests.test_payment_dashboard.TestPaymentDashboardEndpoints" name="test_dashboard_filtered_by_event_id" time="0.588" /><testcase classname="backend.tests.test_payment_dashboard.TestPaymentDashboardEndpoints" name="test_dashboard_events_returns_events_with_summary" time="0.470" /><testcase classname="backend.tests.test_payment_dashboard.TestPaymentDashboardEndpoints" name="test_dashboard_requires_authentication" time="0.455" /><testcase classname="backend.tests.test_payment_dashboard.TestPaymentDashboardEndpoints" name="test_dashboard_events_requires_authentication" time="0.454" /><testcase classname="backend.tests.test_payment_dashboard.TestSendPaymentLinkEndpoint" name="test_send_payment_link_requires_signup_or_invoice_id" time="0.480" /><testcase classname="backend.tests.test_payment_dashboard.TestSendPaymentLinkEndpoint" name="test_send_payment_link_invalid_signup_id" time="0.440" /><testcase classname="backend.tests.test_payment_dashboard.TestSendPaymentLinkEndpoint" name="test_send_payment_link_invalid_invoice_id" time="0.447" /><testcase classname="backend.tests.test_payment_dashboard.TestSendPaymentLinkEndpoint" name="test_send_payment_link_requires_authentication" time="0.443" /><testcase classname="backend.tests.test_payment_dashboard.TestSendPaymentLinkEndpoint" name="test_send_payment_link_with_valid_signup" time="30.846"><failure message="requests.exceptions.ReadTimeout: HTTPSConnectionPool(host='kirmeskiste-portal.preview.emergentagent.com', port=443): Read timed out. (read timeout=30)">/root/.venv/lib/python3.11/site-packages/urllib3/connectionpool.py:534: in _make_request
    response = conn.getresponse()
               ^^^^^^^^^^^^^^^^^^
/root/.venv/lib/python3.11/site-packages/urllib3/connection.py:571: in getresponse
    httplib_response = super().getresponse()
                       ^^^^^^^^^^^^^^^^^^^^^
/usr/local/lib/python3.11/http/client.py:1395: in getresponse
    response.begin()
/usr/local/lib/python3.11/http/client.py:325: in begin
    version, status, reason = self._read_status()
                              ^^^^^^^^^^^^^^^^^^^
/usr/local/lib/python3.11/http/client.py:286: in _read_status
    line = str(self.fp.readline(_MAXLINE + 1), "iso-8859-1")
               ^^^^^^^^^^^^^^^^^^^^^^^^^^^^^^
/usr/local/lib/python3.11/socket.py:718: in readinto
    return self._sock.recv_into(b)
           ^^^^^^^^^^^^^^^^^^^^^^^
/usr/local/lib/python3.11/ssl.py:1314: in recv_into
    return self.read(nbytes, buffer)
           ^^^^^^^^^^^^^^^^^^^^^^^^^
/usr/local/lib/python3.11/ssl.py:1166: in read
    return self._sslobj.read(len, buffer)
           ^^^^^^^^^^^^^^^^^^^^^^^^^^^^^^
E   TimeoutError: The read operation timed out

The above exception was the direct cause of the following exception:
/root/.venv/lib/python3.11/site-packages/requests/adapters.py:644: in send
    resp = conn.urlopen(
/root/.venv/lib/python3.11/site-packages/urllib3/connectionpool.py:841: in urlopen
    retries = retries.increment(
/root/.venv/lib/python3.11/site-packages/urllib3/util/retry.py:490: in increment
    raise reraise(type(error), error, _stacktrace)
          ^^^^^^^^^^^^^^^^^^^^^^^^^^^^^^^^^^^^^^^^
/root/.venv/lib/python3.11/site-packages/urllib3/util/util.py:39: in reraise
    raise value
/root/.venv/lib/python3.11/site-packages/urllib3/connectionpool.py:787: in urlopen
    response = self._make_request(
/root/.venv/lib/python3.11/site-packages/urllib3/connectionpool.py:536: in _make_request
    self._raise_timeout(err=e, url=url, timeout_value=read_timeout)
/root/.venv/lib/python3.11/site-packages/urllib3/connectionpool.py:367: in _raise_timeout
    raise ReadTimeoutError(
E   urllib3.exceptions.ReadTimeoutError: HTTPSConnectionPool(host='kirmeskiste-portal.preview.emergentagent.com', port=443): Read timed out. (read timeout=30)

During handling of the above exception, another exception occurred:
backend/tests/test_payment_dashboard.py:249: in test_send_payment_link_with_valid_signup
    response = requests.post(
/root/.venv/lib/python3.11/site-packages/requests/api.py:115: in post
    return request("post", url, data=data, json=json, **kwargs)
           ^^^^^^^^^^^^^^^^^^^^^^^^^^^^^^^^^^^^^^^^^^^^^^^^^^^^
/root/.venv/lib/python3.11/site-packages/requests/api.py:59: in request
    return session.request(method=method, url=url, **kwargs)
           ^^^^^^^^^^^^^^^^^^^^^^^^^^^^^^^^^^^^^^^^^^^^^^^^^
/root/.venv/lib/python3.11/site-packages/requests/sessions.py:589: in request
    resp = self.send(prep, **send_kwargs)
           ^^^^^^^^^^^^^^^^^^^^^^^^^^^^^^
/root/.venv/lib/python3.11/site-packages/requests/sessions.py:703: in send
    r = adapter.send(request, **kwargs)
        ^^^^^^^^^^^^^^^^^^^^^^^^^^^^^^^
/root/.venv/lib/python3.11/site-packages/requests/adapters.py:690: in send
    raise ReadTimeout(e, request=request)
E   requests.exceptions.ReadTimeout: HTTPSConnectionPool(host='kirmeskiste-portal.preview.emergentagent.com', port=443): Read timed out. (read timeout=30)</failure></testcase><testcase classname="backend.tests.test_payment_dashboard.TestDashboardNonAdminAccess" name="test_dashboard_requires_admin_role" time="60.188"><skipped type="pytest.skip" message="No non-admin user available for testing">/app/backend/tests/test_payment_dashboard.py:281: No non-admin user available for testing</skipped></testcase></testsuite></testsuites>