<?xml version="1.0" encoding="utf-8"?><testsuites name="pytest tests"><testsuite name="pytest" errors="0" failures="0" skipped="0" tests="19" time="5.298" timestamp="2026-03-06T05:25:18.908666+00:00" hostname="agent-env-4d41eb9c-fa69-47f3-9840-b1e4351e6756"><testcase classname="backend.tests.test_device_management.TestDeviceListAndGet" name="test_admin_can_list_devices" time="0.452" /><testcase classname="backend.tests.test_device_management.TestDeviceListAndGet" name="test_kunde_cannot_list_devices" time="0.426" /><testcase classname="backend.tests.test_device_management.TestDeviceListAndGet" name="test_admin_can_get_single_device" time="0.262" /><testcase classname="backend.tests.test_device_management.TestDeviceCreate" name="test_create_stromerzeuger" time="0.118" /><testcase classname="backend.tests.test_device_management.TestDeviceCreate" name="test_create_lichtmast" time="0.110" /><testcase classname="backend.tests.test_device_management.TestDeviceCreate" name="test_create_messkoffer" time="0.104" /><testcase classname="backend.tests.test_device_management.TestDeviceCreate" name="test_create_kirmeskiste" time="0.100" /><testcase classname="backend.tests.test_device_management.TestDeviceCreate" name="test_create_invalid_device_type" time="0.101" /><testcase classname="backend.tests.test_device_management.TestDeviceCreate" name="test_create_duplicate_serial_number" time="0.221" /><testcase classname="backend.tests.test_device_management.TestDeviceCreate" name="test_kunde_cannot_create_device" time="0.102" /><testcase classname="backend.tests.test_device_management.TestDeviceUpdate" name="test_update_device" time="0.365" /><testcase classname="backend.tests.test_device_management.TestDeviceUpdate" name="test_update_nonexistent_device" time="0.103" /><testcase classname="backend.tests.test_device_management.TestDeviceCopy" name="test_copy_device" time="0.208" /><testcase classname="backend.tests.test_device_management.TestDeviceCopy" name="test_copy_nonexistent_device" time="0.104" /><testcase classname="backend.tests.test_device_management.TestDeviceDelete" name="test_delete_device" time="0.332" /><testcase classname="backend.tests.test_device_management.TestDeviceDelete" name="test_delete_nonexistent_device" time="0.147" /><testcase classname="backend.tests.test_device_management.TestDeviceDocuments" name="test_upload_and_list_documents" time="0.627" /><testcase classname="backend.tests.test_device_management.TestDeviceStats" name="test_device_stats" time="0.114" /><testcase classname="backend.tests.test_device_management.TestCleanupTestDevices" name="test_cleanup" time="1.246" /></testsuite></testsuites>