<?xml version="1.0" encoding="utf-8"?><testsuites name="pytest tests"><testsuite name="pytest" errors="0" failures="0" skipped="0" tests="17" time="3.526" timestamp="2026-03-08T15:59:57.579440+00:00" hostname="agent-env-f5c0ecba-5eee-486d-8fc6-a455eb3f4da1"><testcase classname="backend.tests.test_kirmes_emu_meters.TestEmuMetersList" name="test_list_emu_meters_returns_200" time="0.659" /><testcase classname="backend.tests.test_kirmes_emu_meters.TestEmuMetersList" name="test_list_emu_meters_returns_array" time="0.115" /><testcase classname="backend.tests.test_kirmes_emu_meters.TestEmuMetersList" name="test_list_emu_meters_has_required_fields" time="0.143" /><testcase classname="backend.tests.test_kirmes_emu_meters.TestEmuMetersList" name="test_list_emu_meters_unauthorized_fails" time="0.116" /><testcase classname="backend.tests.test_kirmes_emu_meters.TestMeterData" name="test_get_meter_data_linked_signup" time="0.113" /><testcase classname="backend.tests.test_kirmes_emu_meters.TestMeterData" name="test_get_meter_data_has_telemetry_fields" time="0.111" /><testcase classname="backend.tests.test_kirmes_emu_meters.TestMeterData" name="test_get_meter_data_unlinked_signup" time="0.106" /><testcase classname="backend.tests.test_kirmes_emu_meters.TestMeterData" name="test_get_meter_data_invalid_signup_404" time="0.178" /><testcase classname="backend.tests.test_kirmes_emu_meters.TestLinkMeter" name="test_link_meter_success" time="0.256" /><testcase classname="backend.tests.test_kirmes_emu_meters.TestLinkMeter" name="test_link_meter_updates_signup_data" time="0.110" /><testcase classname="backend.tests.test_kirmes_emu_meters.TestLinkMeter" name="test_link_meter_invalid_meter_404" time="0.130" /><testcase classname="backend.tests.test_kirmes_emu_meters.TestLinkMeter" name="test_link_meter_invalid_signup_404" time="0.106" /><testcase classname="backend.tests.test_kirmes_emu_meters.TestUnlinkMeter" name="test_unlink_meter_success" time="0.106" /><testcase classname="backend.tests.test_kirmes_emu_meters.TestUnlinkMeter" name="test_unlink_meter_updates_signup_data" time="0.144" /><testcase classname="backend.tests.test_kirmes_emu_meters.TestUnlinkMeter" name="test_unlink_meter_invalid_signup_404" time="0.109" /><testcase classname="backend.tests.test_kirmes_emu_meters.TestEmuMeterFullFlow" name="test_full_link_unlink_flow" time="0.710" /><testcase classname="backend.tests.test_kirmes_emu_meters.TestEmuMeterFullFlow" name="test_existing_linked_meter_has_data" time="0.126" /></testsuite></testsuites>