<?xml version="1.0" encoding="utf-8"?><testsuites name="pytest tests"><testsuite name="pytest" errors="0" failures="0" skipped="0" tests="14" time="4.699" timestamp="2026-03-08T10:51:48.464286+00:00" hostname="agent-env-45c5f0a2-b806-4540-913f-4ed6a34030dd"><testcase classname="backend.tests.test_order_detail_iteration27.TestOrderDetail" name="test_order_detail_returns_order" time="0.809" /><testcase classname="backend.tests.test_order_detail_iteration27.TestOrderDetail" name="test_order_detail_has_address_raw" time="0.440" /><testcase classname="backend.tests.test_order_detail_iteration27.TestOrderDetail" name="test_order_detail_not_found" time="0.394" /><testcase classname="backend.tests.test_order_detail_iteration27.TestOrderDetail" name="test_order_detail_requires_auth" time="0.100" /><testcase classname="backend.tests.test_order_detail_iteration27.TestOrderSettings" name="test_update_radius" time="0.645" /><testcase classname="backend.tests.test_order_detail_iteration27.TestOrderSettings" name="test_update_requires_auth" time="0.108" /><testcase classname="backend.tests.test_order_detail_iteration27.TestGeneratorsInRadius" name="test_get_generators_in_radius" time="0.103" /><testcase classname="backend.tests.test_order_detail_iteration27.TestGeneratorsInRadius" name="test_generators_sorted_by_distance" time="0.102" /><testcase classname="backend.tests.test_order_detail_iteration27.TestGeneratorsInRadius" name="test_generators_without_coordinates" time="0.100" /><testcase classname="backend.tests.test_order_detail_iteration27.TestDeploymentHistory" name="test_create_deployment" time="0.170" /><testcase classname="backend.tests.test_order_detail_iteration27.TestDeploymentHistory" name="test_get_order_deployments" time="0.098" /><testcase classname="backend.tests.test_order_detail_iteration27.TestDeploymentHistory" name="test_get_generator_deployments" time="0.241" /><testcase classname="backend.tests.test_order_detail_iteration27.TestDeploymentHistory" name="test_deployment_requires_auth" time="0.303" /><testcase classname="backend.tests.test_order_detail_iteration27.TestIntegration" name="test_full_order_workflow" time="0.895" /></testsuite></testsuites>