<?xml version="1.0" encoding="utf-8"?><testsuites name="pytest tests"><testsuite name="pytest" errors="0" failures="1" skipped="0" tests="11" time="3.644" timestamp="2026-03-06T11:03:14.204835+00:00" hostname="agent-env-26fabb68-137b-489a-9c37-37143c527ad1"><testcase classname="tests.test_iteration15.TestDeviceEditBugFix" name="test_update_device_xbap2021" time="0.663" /><testcase classname="tests.test_iteration15.TestDeviceEditBugFix" name="test_list_devices_no_objectid_error" time="0.103" /><testcase classname="tests.test_iteration15.TestMonitoringBugFix" name="test_generators_list_loads" time="0.475" /><testcase classname="tests.test_iteration15.TestMonitoringBugFix" name="test_generators_stats_loads" time="0.105" /><testcase classname="tests.test_iteration15.TestPartTypes" name="test_part_types_list" time="0.438" /><testcase classname="tests.test_iteration15.TestPartTypes" name="test_create_motoroel_part_with_liters" time="0.303" /><testcase classname="tests.test_iteration15.TestPartTypes" name="test_create_sonderteil_custom_type" time="0.303" /><testcase classname="tests.test_iteration15.TestServicePlanMandatoryFields" name="test_create_maintenance_entry_requires_both_fields" time="0.645" /><testcase classname="tests.test_iteration15.TestHealthCheck" name="test_api_health" time="0.098" /><testcase classname="tests.test_iteration15.TestHealthCheck" name="test_admin_login" time="0.320" /><testcase classname="tests.test_iteration15.TestHealthCheck" name="test_mitarbeiter_login" time="0.110"><failure message="AssertionError: Mitarbeiter login failed: {&quot;detail&quot;:&quot;Ungültige Anmeldedaten&quot;}&#10;assert 401 == 200&#10; +  where 401 = &lt;Response [401]&gt;.status_code">tests/test_iteration15.py:329: in test_mitarbeiter_login
    assert response.status_code == 200, f"Mitarbeiter login failed: {response.text}"
E   AssertionError: Mitarbeiter login failed: {"detail":"Ungültige Anmeldedaten"}
E   assert 401 == 200
E    +  where 401 = &lt;Response [401]&gt;.status_code</failure></testcase></testsuite></testsuites>