<?xml version="1.0" encoding="utf-8"?><testsuites name="pytest tests"><testsuite name="pytest" errors="0" failures="0" skipped="0" tests="5" time="0.827" timestamp="2026-04-02T19:58:40.565999+00:00" hostname="agent-env-64d95f04-b593-475a-8b25-cfcbb52c9bac"><testcase classname="backend.tests.test_kirmes_expanded_row_iteration49.TestMeterDataAPI" name="test_meter_data_with_limit_1_fast_response" time="0.557" /><testcase classname="backend.tests.test_kirmes_expanded_row_iteration49.TestMeterDataAPI" name="test_meter_data_for_signup_without_meter" time="0.067" /><testcase classname="backend.tests.test_kirmes_expanded_row_iteration49.TestEventDetailAPI" name="test_get_event_with_signups" time="0.053" /><testcase classname="backend.tests.test_kirmes_expanded_row_iteration49.TestEventDetailAPI" name="test_signups_have_payment_status" time="0.050" /><testcase classname="backend.tests.test_kirmes_expanded_row_iteration49.TestPaymentStatusLabels" name="test_payment_status_values" time="0.050" /></testsuite></testsuites>