<?xml version="1.0" encoding="utf-8"?><testsuites name="pytest tests"><testsuite name="pytest" errors="0" failures="0" skipped="0" tests="3" time="1.176" timestamp="2026-07-05T16:11:06.448820+00:00" hostname="agent-env-b1ebc93b-cd42-4604-ba1f-46d5d4cdead7"><testcase classname="backend.tests.test_training_sample.TestSaveAsTrainingSamplePositive" name="test_positive_creates_sample_with_all_fields" time="0.623" /><testcase classname="backend.tests.test_training_sample.TestSaveAsTrainingSampleNegative" name="test_negative_not_manually_edited_returns_400" time="0.145" /><testcase classname="backend.tests.test_training_sample.TestSaveAsTrainingSampleNegative" name="test_negative_nonexistent_doc_returns_404" time="0.284" /></testsuite></testsuites>